Results of doctest builder run on 2021-12-28 00:53:52
=====================================================

Document: apidocs/rdflib.plugins.parsers
----------------------------------------
**********************************************************************
File "../rdflib/plugins/parsers/notation3.py", line ?, in default
Failed example:
    hexify("http://example/a b")
Exception raised:
    Traceback (most recent call last):
      File "/usr/lib64/python3.8/doctest.py", line 1336, in __run
        exec(compile(example.source, filename, "single",
      File "<doctest default[0]>", line 1, in <module>
        hexify("http://example/a b")
    NameError: name 'hexify' is not defined
**********************************************************************
File "../rdflib/plugins/parsers/notation3.py", line ?, in default
Failed example:
    join('http://example/x/y/z', '../abc')
Exception raised:
    Traceback (most recent call last):
      File "/usr/lib64/python3.8/doctest.py", line 1336, in __run
        exec(compile(example.source, filename, "single",
      File "<doctest default[0]>", line 1, in <module>
        join('http://example/x/y/z', '../abc')
    NameError: name 'join' is not defined
**********************************************************************
File "../rdflib/plugins/parsers/notation3.py", line ?, in default
Failed example:
    join('mid:foo@example', '../foo') # doctest: +NORMALIZE_WHITESPACE
Expected:
    Traceback (most recent call last):
        raise ValueError(here)
    ValueError: Base <mid:foo@example> has no slash
    after colon - with relative '../foo'.
Got:
    Traceback (most recent call last):
      File "/usr/lib64/python3.8/doctest.py", line 1336, in __run
        exec(compile(example.source, filename, "single",
      File "<doctest default[0]>", line 1, in <module>
        join('mid:foo@example', '../foo') # doctest: +NORMALIZE_WHITESPACE
    NameError: name 'join' is not defined
**********************************************************************
File "../rdflib/plugins/parsers/notation3.py", line ?, in default
Failed example:
    join('http://example/x/y/z', '')
Exception raised:
    Traceback (most recent call last):
      File "/usr/lib64/python3.8/doctest.py", line 1336, in __run
        exec(compile(example.source, filename, "single",
      File "<doctest default[0]>", line 1, in <module>
        join('http://example/x/y/z', '')
    NameError: name 'join' is not defined
**********************************************************************
File "../rdflib/plugins/parsers/notation3.py", line ?, in default
Failed example:
    join('mid:foo@example', '#foo')
Exception raised:
    Traceback (most recent call last):
      File "/usr/lib64/python3.8/doctest.py", line 1336, in __run
        exec(compile(example.source, filename, "single",
      File "<doctest default[0]>", line 1, in <module>
        join('mid:foo@example', '#foo')
    NameError: name 'join' is not defined
**********************************************************************
File "../rdflib/plugins/parsers/notation3.py", line ?, in default
Failed example:
    join('http://example.org/', u'#Andr\xe9')
Exception raised:
    Traceback (most recent call last):
      File "/usr/lib64/python3.8/doctest.py", line 1336, in __run
        exec(compile(example.source, filename, "single",
      File "<doctest default[0]>", line 1, in <module>
        join('http://example.org/', u'#Andr\xe9')
    NameError: name 'join' is not defined
**********************************************************************
File "../rdflib/plugins/parsers/notation3.py", line ?, in default
Failed example:
    splitFragP("abc#def")
Exception raised:
    Traceback (most recent call last):
      File "/usr/lib64/python3.8/doctest.py", line 1336, in __run
        exec(compile(example.source, filename, "single",
      File "<doctest default[0]>", line 1, in <module>
        splitFragP("abc#def")
    NameError: name 'splitFragP' is not defined
**********************************************************************
File "../rdflib/plugins/parsers/notation3.py", line ?, in default
Failed example:
    splitFragP("abcdef")
Exception raised:
    Traceback (most recent call last):
      File "/usr/lib64/python3.8/doctest.py", line 1336, in __run
        exec(compile(example.source, filename, "single",
      File "<doctest default[0]>", line 1, in <module>
        splitFragP("abcdef")
    NameError: name 'splitFragP' is not defined
**********************************************************************
1 items had failures:
   8 of  18 in default
18 tests in 1 items.
10 passed and 8 failed.
***Test Failed*** 8 failures.

Document: apidocs/rdflib.extras
-------------------------------
**********************************************************************
File "../rdflib/extras/external_graph_libs.py", line ?, in default
Failed example:
    for t in edges:
        g.add(t)
Expected nothing
Got:
    <Graph identifier=Naec0a04a28f64654957a40e0a790eec2 (<class 'rdflib.graph.Graph'>)>
    <Graph identifier=Naec0a04a28f64654957a40e0a790eec2 (<class 'rdflib.graph.Graph'>)>
    <Graph identifier=Naec0a04a28f64654957a40e0a790eec2 (<class 'rdflib.graph.Graph'>)>
    <Graph identifier=Naec0a04a28f64654957a40e0a790eec2 (<class 'rdflib.graph.Graph'>)>
**********************************************************************
File "../rdflib/extras/external_graph_libs.py", line ?, in default
Failed example:
    mdg = rdflib_to_graphtool(g)
Exception raised:
    Traceback (most recent call last):
      File "/usr/lib64/python3.8/doctest.py", line 1336, in __run
        exec(compile(example.source, filename, "single",
      File "<doctest default[6]>", line 1, in <module>
        mdg = rdflib_to_graphtool(g)
    NameError: name 'rdflib_to_graphtool' is not defined
**********************************************************************
File "../rdflib/extras/external_graph_libs.py", line ?, in default
Failed example:
    len(list(mdg.edges()))
Exception raised:
    Traceback (most recent call last):
      File "/usr/lib64/python3.8/doctest.py", line 1336, in __run
        exec(compile(example.source, filename, "single",
      File "<doctest default[7]>", line 1, in <module>
        len(list(mdg.edges()))
    NameError: name 'mdg' is not defined
**********************************************************************
File "../rdflib/extras/external_graph_libs.py", line ?, in default
Failed example:
    from graph_tool import util as gt_util
Exception raised:
    Traceback (most recent call last):
      File "/usr/lib64/python3.8/doctest.py", line 1336, in __run
        exec(compile(example.source, filename, "single",
      File "<doctest default[8]>", line 1, in <module>
        from graph_tool import util as gt_util
    ModuleNotFoundError: No module named 'graph_tool'
**********************************************************************
File "../rdflib/extras/external_graph_libs.py", line ?, in default
Failed example:
    vpterm = mdg.vertex_properties['term']
Exception raised:
    Traceback (most recent call last):
      File "/usr/lib64/python3.8/doctest.py", line 1336, in __run
        exec(compile(example.source, filename, "single",
      File "<doctest default[9]>", line 1, in <module>
        vpterm = mdg.vertex_properties['term']
    NameError: name 'mdg' is not defined
**********************************************************************
File "../rdflib/extras/external_graph_libs.py", line ?, in default
Failed example:
    va = gt_util.find_vertex(mdg, vpterm, a)[0]
Exception raised:
    Traceback (most recent call last):
      File "/usr/lib64/python3.8/doctest.py", line 1336, in __run
        exec(compile(example.source, filename, "single",
      File "<doctest default[10]>", line 1, in <module>
        va = gt_util.find_vertex(mdg, vpterm, a)[0]
    NameError: name 'gt_util' is not defined
**********************************************************************
File "../rdflib/extras/external_graph_libs.py", line ?, in default
Failed example:
    vb = gt_util.find_vertex(mdg, vpterm, b)[0]
Exception raised:
    Traceback (most recent call last):
      File "/usr/lib64/python3.8/doctest.py", line 1336, in __run
        exec(compile(example.source, filename, "single",
      File "<doctest default[11]>", line 1, in <module>
        vb = gt_util.find_vertex(mdg, vpterm, b)[0]
    NameError: name 'gt_util' is not defined
**********************************************************************
File "../rdflib/extras/external_graph_libs.py", line ?, in default
Failed example:
    vl = gt_util.find_vertex(mdg, vpterm, l)[0]
Exception raised:
    Traceback (most recent call last):
      File "/usr/lib64/python3.8/doctest.py", line 1336, in __run
        exec(compile(example.source, filename, "single",
      File "<doctest default[12]>", line 1, in <module>
        vl = gt_util.find_vertex(mdg, vpterm, l)[0]
    NameError: name 'gt_util' is not defined
**********************************************************************
File "../rdflib/extras/external_graph_libs.py", line ?, in default
Failed example:
    (va, vb) in [(e.source(), e.target()) for e in list(mdg.edges())]
Exception raised:
    Traceback (most recent call last):
      File "/usr/lib64/python3.8/doctest.py", line 1336, in __run
        exec(compile(example.source, filename, "single",
      File "<doctest default[13]>", line 1, in <module>
        (va, vb) in [(e.source(), e.target()) for e in list(mdg.edges())]
    NameError: name 'va' is not defined
**********************************************************************
File "../rdflib/extras/external_graph_libs.py", line ?, in default
Failed example:
    epterm = mdg.edge_properties['term']
Exception raised:
    Traceback (most recent call last):
      File "/usr/lib64/python3.8/doctest.py", line 1336, in __run
        exec(compile(example.source, filename, "single",
      File "<doctest default[14]>", line 1, in <module>
        epterm = mdg.edge_properties['term']
    NameError: name 'mdg' is not defined
**********************************************************************
File "../rdflib/extras/external_graph_libs.py", line ?, in default
Failed example:
    len(list(gt_util.find_edge(mdg, epterm, p))) == 3
Exception raised:
    Traceback (most recent call last):
      File "/usr/lib64/python3.8/doctest.py", line 1336, in __run
        exec(compile(example.source, filename, "single",
      File "<doctest default[15]>", line 1, in <module>
        len(list(gt_util.find_edge(mdg, epterm, p))) == 3
    NameError: name 'gt_util' is not defined
**********************************************************************
File "../rdflib/extras/external_graph_libs.py", line ?, in default
Failed example:
    len(list(gt_util.find_edge(mdg, epterm, q))) == 1
Exception raised:
    Traceback (most recent call last):
      File "/usr/lib64/python3.8/doctest.py", line 1336, in __run
        exec(compile(example.source, filename, "single",
      File "<doctest default[16]>", line 1, in <module>
        len(list(gt_util.find_edge(mdg, epterm, q))) == 1
    NameError: name 'gt_util' is not defined
**********************************************************************
File "../rdflib/extras/external_graph_libs.py", line ?, in default
Failed example:
    mdg = rdflib_to_graphtool(
        g,
        e_prop_names=[str('name')],
        transform_p=lambda s, p, o: {str('name'): unicode(p)})
Exception raised:
    Traceback (most recent call last):
      File "/usr/lib64/python3.8/doctest.py", line 1336, in __run
        exec(compile(example.source, filename, "single",
      File "<doctest default[0]>", line 1, in <module>
        mdg = rdflib_to_graphtool(
    NameError: name 'rdflib_to_graphtool' is not defined
**********************************************************************
File "../rdflib/extras/external_graph_libs.py", line ?, in default
Failed example:
    epterm = mdg.edge_properties['name']
Exception raised:
    Traceback (most recent call last):
      File "/usr/lib64/python3.8/doctest.py", line 1336, in __run
        exec(compile(example.source, filename, "single",
      File "<doctest default[1]>", line 1, in <module>
        epterm = mdg.edge_properties['name']
    NameError: name 'mdg' is not defined
**********************************************************************
File "../rdflib/extras/external_graph_libs.py", line ?, in default
Failed example:
    len(list(gt_util.find_edge(mdg, epterm, unicode(p)))) == 3
Exception raised:
    Traceback (most recent call last):
      File "/usr/lib64/python3.8/doctest.py", line 1336, in __run
        exec(compile(example.source, filename, "single",
      File "<doctest default[2]>", line 1, in <module>
        len(list(gt_util.find_edge(mdg, epterm, unicode(p)))) == 3
    NameError: name 'gt_util' is not defined
**********************************************************************
File "../rdflib/extras/external_graph_libs.py", line ?, in default
Failed example:
    len(list(gt_util.find_edge(mdg, epterm, unicode(q)))) == 1
Exception raised:
    Traceback (most recent call last):
      File "/usr/lib64/python3.8/doctest.py", line 1336, in __run
        exec(compile(example.source, filename, "single",
      File "<doctest default[3]>", line 1, in <module>
        len(list(gt_util.find_edge(mdg, epterm, unicode(q)))) == 1
    NameError: name 'gt_util' is not defined
**********************************************************************
File "../rdflib/extras/external_graph_libs.py", line ?, in default
Failed example:
    for t in edges:
        g.add(t)
Expected nothing
Got:
    <Graph identifier=N87c647c823c84572b3455f7cc796d3d9 (<class 'rdflib.graph.Graph'>)>
    <Graph identifier=N87c647c823c84572b3455f7cc796d3d9 (<class 'rdflib.graph.Graph'>)>
    <Graph identifier=N87c647c823c84572b3455f7cc796d3d9 (<class 'rdflib.graph.Graph'>)>
    <Graph identifier=N87c647c823c84572b3455f7cc796d3d9 (<class 'rdflib.graph.Graph'>)>
**********************************************************************
File "../rdflib/extras/external_graph_libs.py", line ?, in default
Failed example:
    dg = rdflib_to_networkx_digraph(g)
Exception raised:
    Traceback (most recent call last):
      File "/usr/lib64/python3.8/doctest.py", line 1336, in __run
        exec(compile(example.source, filename, "single",
      File "<doctest default[6]>", line 1, in <module>
        dg = rdflib_to_networkx_digraph(g)
    NameError: name 'rdflib_to_networkx_digraph' is not defined
**********************************************************************
File "../rdflib/extras/external_graph_libs.py", line ?, in default
Failed example:
    dg[a][b]['weight']
Exception raised:
    Traceback (most recent call last):
      File "/usr/lib64/python3.8/doctest.py", line 1336, in __run
        exec(compile(example.source, filename, "single",
      File "<doctest default[7]>", line 1, in <module>
        dg[a][b]['weight']
    NameError: name 'dg' is not defined
**********************************************************************
File "../rdflib/extras/external_graph_libs.py", line ?, in default
Failed example:
    sorted(dg[a][b]['triples']) == [(a, p, b), (a, q, b)]
Exception raised:
    Traceback (most recent call last):
      File "/usr/lib64/python3.8/doctest.py", line 1336, in __run
        exec(compile(example.source, filename, "single",
      File "<doctest default[8]>", line 1, in <module>
        sorted(dg[a][b]['triples']) == [(a, p, b), (a, q, b)]
    NameError: name 'dg' is not defined
**********************************************************************
File "../rdflib/extras/external_graph_libs.py", line ?, in default
Failed example:
    len(dg.edges())
Exception raised:
    Traceback (most recent call last):
      File "/usr/lib64/python3.8/doctest.py", line 1336, in __run
        exec(compile(example.source, filename, "single",
      File "<doctest default[9]>", line 1, in <module>
        len(dg.edges())
    NameError: name 'dg' is not defined
**********************************************************************
File "../rdflib/extras/external_graph_libs.py", line ?, in default
Failed example:
    dg.size()
Exception raised:
    Traceback (most recent call last):
      File "/usr/lib64/python3.8/doctest.py", line 1336, in __run
        exec(compile(example.source, filename, "single",
      File "<doctest default[10]>", line 1, in <module>
        dg.size()
    NameError: name 'dg' is not defined
**********************************************************************
File "../rdflib/extras/external_graph_libs.py", line ?, in default
Failed example:
    dg.size(weight='weight')
Exception raised:
    Traceback (most recent call last):
      File "/usr/lib64/python3.8/doctest.py", line 1336, in __run
        exec(compile(example.source, filename, "single",
      File "<doctest default[11]>", line 1, in <module>
        dg.size(weight='weight')
    NameError: name 'dg' is not defined
**********************************************************************
File "../rdflib/extras/external_graph_libs.py", line ?, in default
Failed example:
    dg = rdflib_to_networkx_graph(g, False, edge_attrs=lambda s,p,o:{})
Exception raised:
    Traceback (most recent call last):
      File "/usr/lib64/python3.8/doctest.py", line 1336, in __run
        exec(compile(example.source, filename, "single",
      File "<doctest default[0]>", line 1, in <module>
        dg = rdflib_to_networkx_graph(g, False, edge_attrs=lambda s,p,o:{})
    NameError: name 'rdflib_to_networkx_graph' is not defined
**********************************************************************
File "../rdflib/extras/external_graph_libs.py", line ?, in default
Failed example:
    'weight' in dg[a][b]
Exception raised:
    Traceback (most recent call last):
      File "/usr/lib64/python3.8/doctest.py", line 1336, in __run
        exec(compile(example.source, filename, "single",
      File "<doctest default[1]>", line 1, in <module>
        'weight' in dg[a][b]
    NameError: name 'dg' is not defined
**********************************************************************
File "../rdflib/extras/external_graph_libs.py", line ?, in default
Failed example:
    'triples' in dg[a][b]
Exception raised:
    Traceback (most recent call last):
      File "/usr/lib64/python3.8/doctest.py", line 1336, in __run
        exec(compile(example.source, filename, "single",
      File "<doctest default[2]>", line 1, in <module>
        'triples' in dg[a][b]
    NameError: name 'dg' is not defined
**********************************************************************
File "../rdflib/extras/external_graph_libs.py", line ?, in default
Failed example:
    for t in edges:
        g.add(t)
Expected nothing
Got:
    <Graph identifier=N672c693f7abc48929a1627fd34442bd8 (<class 'rdflib.graph.Graph'>)>
    <Graph identifier=N672c693f7abc48929a1627fd34442bd8 (<class 'rdflib.graph.Graph'>)>
    <Graph identifier=N672c693f7abc48929a1627fd34442bd8 (<class 'rdflib.graph.Graph'>)>
    <Graph identifier=N672c693f7abc48929a1627fd34442bd8 (<class 'rdflib.graph.Graph'>)>
**********************************************************************
File "../rdflib/extras/external_graph_libs.py", line ?, in default
Failed example:
    ug = rdflib_to_networkx_graph(g)
Exception raised:
    Traceback (most recent call last):
      File "/usr/lib64/python3.8/doctest.py", line 1336, in __run
        exec(compile(example.source, filename, "single",
      File "<doctest default[6]>", line 1, in <module>
        ug = rdflib_to_networkx_graph(g)
    NameError: name 'rdflib_to_networkx_graph' is not defined
**********************************************************************
File "../rdflib/extras/external_graph_libs.py", line ?, in default
Failed example:
    ug[a][b]['weight']
Exception raised:
    Traceback (most recent call last):
      File "/usr/lib64/python3.8/doctest.py", line 1336, in __run
        exec(compile(example.source, filename, "single",
      File "<doctest default[7]>", line 1, in <module>
        ug[a][b]['weight']
    NameError: name 'ug' is not defined
**********************************************************************
File "../rdflib/extras/external_graph_libs.py", line ?, in default
Failed example:
    sorted(ug[a][b]['triples']) == [(a, p, b), (a, q, b), (b, p, a)]
Exception raised:
    Traceback (most recent call last):
      File "/usr/lib64/python3.8/doctest.py", line 1336, in __run
        exec(compile(example.source, filename, "single",
      File "<doctest default[8]>", line 1, in <module>
        sorted(ug[a][b]['triples']) == [(a, p, b), (a, q, b), (b, p, a)]
    NameError: name 'ug' is not defined
**********************************************************************
File "../rdflib/extras/external_graph_libs.py", line ?, in default
Failed example:
    len(ug.edges())
Exception raised:
    Traceback (most recent call last):
      File "/usr/lib64/python3.8/doctest.py", line 1336, in __run
        exec(compile(example.source, filename, "single",
      File "<doctest default[9]>", line 1, in <module>
        len(ug.edges())
    NameError: name 'ug' is not defined
**********************************************************************
File "../rdflib/extras/external_graph_libs.py", line ?, in default
Failed example:
    ug.size()
Exception raised:
    Traceback (most recent call last):
      File "/usr/lib64/python3.8/doctest.py", line 1336, in __run
        exec(compile(example.source, filename, "single",
      File "<doctest default[10]>", line 1, in <module>
        ug.size()
    NameError: name 'ug' is not defined
**********************************************************************
File "../rdflib/extras/external_graph_libs.py", line ?, in default
Failed example:
    ug.size(weight='weight')
Exception raised:
    Traceback (most recent call last):
      File "/usr/lib64/python3.8/doctest.py", line 1336, in __run
        exec(compile(example.source, filename, "single",
      File "<doctest default[11]>", line 1, in <module>
        ug.size(weight='weight')
    NameError: name 'ug' is not defined
**********************************************************************
File "../rdflib/extras/external_graph_libs.py", line ?, in default
Failed example:
    ug = rdflib_to_networkx_graph(g, False, edge_attrs=lambda s,p,o:{})
Exception raised:
    Traceback (most recent call last):
      File "/usr/lib64/python3.8/doctest.py", line 1336, in __run
        exec(compile(example.source, filename, "single",
      File "<doctest default[0]>", line 1, in <module>
        ug = rdflib_to_networkx_graph(g, False, edge_attrs=lambda s,p,o:{})
    NameError: name 'rdflib_to_networkx_graph' is not defined
**********************************************************************
File "../rdflib/extras/external_graph_libs.py", line ?, in default
Failed example:
    'weight' in ug[a][b]
Exception raised:
    Traceback (most recent call last):
      File "/usr/lib64/python3.8/doctest.py", line 1336, in __run
        exec(compile(example.source, filename, "single",
      File "<doctest default[1]>", line 1, in <module>
        'weight' in ug[a][b]
    NameError: name 'ug' is not defined
**********************************************************************
File "../rdflib/extras/external_graph_libs.py", line ?, in default
Failed example:
    'triples' in ug[a][b]
Exception raised:
    Traceback (most recent call last):
      File "/usr/lib64/python3.8/doctest.py", line 1336, in __run
        exec(compile(example.source, filename, "single",
      File "<doctest default[2]>", line 1, in <module>
        'triples' in ug[a][b]
    NameError: name 'ug' is not defined
**********************************************************************
File "../rdflib/extras/external_graph_libs.py", line ?, in default
Failed example:
    for t in edges:
        g.add(t)
Expected nothing
Got:
    <Graph identifier=N8f9dbfc9dd6c4dcfad5f6d8edb4a5b20 (<class 'rdflib.graph.Graph'>)>
    <Graph identifier=N8f9dbfc9dd6c4dcfad5f6d8edb4a5b20 (<class 'rdflib.graph.Graph'>)>
    <Graph identifier=N8f9dbfc9dd6c4dcfad5f6d8edb4a5b20 (<class 'rdflib.graph.Graph'>)>
    <Graph identifier=N8f9dbfc9dd6c4dcfad5f6d8edb4a5b20 (<class 'rdflib.graph.Graph'>)>
**********************************************************************
File "../rdflib/extras/external_graph_libs.py", line ?, in default
Failed example:
    mdg = rdflib_to_networkx_multidigraph(g)
Exception raised:
    Traceback (most recent call last):
      File "/usr/lib64/python3.8/doctest.py", line 1336, in __run
        exec(compile(example.source, filename, "single",
      File "<doctest default[6]>", line 1, in <module>
        mdg = rdflib_to_networkx_multidigraph(g)
    NameError: name 'rdflib_to_networkx_multidigraph' is not defined
**********************************************************************
File "../rdflib/extras/external_graph_libs.py", line ?, in default
Failed example:
    len(mdg.edges())
Exception raised:
    Traceback (most recent call last):
      File "/usr/lib64/python3.8/doctest.py", line 1336, in __run
        exec(compile(example.source, filename, "single",
      File "<doctest default[7]>", line 1, in <module>
        len(mdg.edges())
    NameError: name 'mdg' is not defined
**********************************************************************
File "../rdflib/extras/external_graph_libs.py", line ?, in default
Failed example:
    mdg.has_edge(a, b)
Exception raised:
    Traceback (most recent call last):
      File "/usr/lib64/python3.8/doctest.py", line 1336, in __run
        exec(compile(example.source, filename, "single",
      File "<doctest default[8]>", line 1, in <module>
        mdg.has_edge(a, b)
    NameError: name 'mdg' is not defined
**********************************************************************
File "../rdflib/extras/external_graph_libs.py", line ?, in default
Failed example:
    mdg.has_edge(a, b, key=p)
Exception raised:
    Traceback (most recent call last):
      File "/usr/lib64/python3.8/doctest.py", line 1336, in __run
        exec(compile(example.source, filename, "single",
      File "<doctest default[9]>", line 1, in <module>
        mdg.has_edge(a, b, key=p)
    NameError: name 'mdg' is not defined
**********************************************************************
File "../rdflib/extras/external_graph_libs.py", line ?, in default
Failed example:
    mdg.has_edge(a, b, key=q)
Exception raised:
    Traceback (most recent call last):
      File "/usr/lib64/python3.8/doctest.py", line 1336, in __run
        exec(compile(example.source, filename, "single",
      File "<doctest default[10]>", line 1, in <module>
        mdg.has_edge(a, b, key=q)
    NameError: name 'mdg' is not defined
**********************************************************************
File "../rdflib/extras/external_graph_libs.py", line ?, in default
Failed example:
    mdg = rdflib_to_networkx_multidigraph(g, edge_attrs=lambda s,p,o: {})
Exception raised:
    Traceback (most recent call last):
      File "/usr/lib64/python3.8/doctest.py", line 1336, in __run
        exec(compile(example.source, filename, "single",
      File "<doctest default[0]>", line 1, in <module>
        mdg = rdflib_to_networkx_multidigraph(g, edge_attrs=lambda s,p,o: {})
    NameError: name 'rdflib_to_networkx_multidigraph' is not defined
**********************************************************************
File "../rdflib/extras/external_graph_libs.py", line ?, in default
Failed example:
    mdg.has_edge(a, b, key=0)
Exception raised:
    Traceback (most recent call last):
      File "/usr/lib64/python3.8/doctest.py", line 1336, in __run
        exec(compile(example.source, filename, "single",
      File "<doctest default[1]>", line 1, in <module>
        mdg.has_edge(a, b, key=0)
    NameError: name 'mdg' is not defined
**********************************************************************
File "../rdflib/extras/external_graph_libs.py", line ?, in default
Failed example:
    mdg.has_edge(a, b, key=1)
Exception raised:
    Traceback (most recent call last):
      File "/usr/lib64/python3.8/doctest.py", line 1336, in __run
        exec(compile(example.source, filename, "single",
      File "<doctest default[2]>", line 1, in <module>
        mdg.has_edge(a, b, key=1)
    NameError: name 'mdg' is not defined
**********************************************************************
File "../rdflib/extras/infixowl.py", line ?, in default
Failed example:
    exNs = Namespace('http://example.com/')
Exception raised:
    Traceback (most recent call last):
      File "/usr/lib64/python3.8/doctest.py", line 1336, in __run
        exec(compile(example.source, filename, "single",
      File "<doctest default[0]>", line 1, in <module>
        exNs = Namespace('http://example.com/')
    NameError: name 'Namespace' is not defined
**********************************************************************
File "../rdflib/extras/infixowl.py", line ?, in default
Failed example:
    namespace_manager = NamespaceManager(Graph())
Exception raised:
    Traceback (most recent call last):
      File "/usr/lib64/python3.8/doctest.py", line 1336, in __run
        exec(compile(example.source, filename, "single",
      File "<doctest default[1]>", line 1, in <module>
        namespace_manager = NamespaceManager(Graph())
    NameError: name 'NamespaceManager' is not defined
**********************************************************************
File "../rdflib/extras/infixowl.py", line ?, in default
Failed example:
    namespace_manager.bind('ex', exNs, override=False)
Exception raised:
    Traceback (most recent call last):
      File "/usr/lib64/python3.8/doctest.py", line 1336, in __run
        exec(compile(example.source, filename, "single",
      File "<doctest default[2]>", line 1, in <module>
        namespace_manager.bind('ex', exNs, override=False)
    NameError: name 'namespace_manager' is not defined
**********************************************************************
File "../rdflib/extras/infixowl.py", line ?, in default
Failed example:
    namespace_manager.bind('owl', OWL, override=False)
Exception raised:
    Traceback (most recent call last):
      File "/usr/lib64/python3.8/doctest.py", line 1336, in __run
        exec(compile(example.source, filename, "single",
      File "<doctest default[3]>", line 1, in <module>
        namespace_manager.bind('owl', OWL, override=False)
    NameError: name 'namespace_manager' is not defined
**********************************************************************
File "../rdflib/extras/infixowl.py", line ?, in default
Failed example:
    g.namespace_manager = namespace_manager
Exception raised:
    Traceback (most recent call last):
      File "/usr/lib64/python3.8/doctest.py", line 1336, in __run
        exec(compile(example.source, filename, "single",
      File "<doctest default[5]>", line 1, in <module>
        g.namespace_manager = namespace_manager
    NameError: name 'namespace_manager' is not defined
**********************************************************************
File "../rdflib/extras/infixowl.py", line ?, in default
Failed example:
    a = Class(exNs.Opera, graph=g)
Exception raised:
    Traceback (most recent call last):
      File "/usr/lib64/python3.8/doctest.py", line 1336, in __run
        exec(compile(example.source, filename, "single",
      File "<doctest default[0]>", line 1, in <module>
        a = Class(exNs.Opera, graph=g)
    NameError: name 'Class' is not defined
**********************************************************************
File "../rdflib/extras/infixowl.py", line ?, in default
Failed example:
    a.subClassOf = [exNs.MusicalWork]
Exception raised:
    Traceback (most recent call last):
      File "/usr/lib64/python3.8/doctest.py", line 1336, in __run
        exec(compile(example.source, filename, "single",
      File "<doctest default[0]>", line 1, in <module>
        a.subClassOf = [exNs.MusicalWork]
    NameError: name 'exNs' is not defined
**********************************************************************
File "../rdflib/extras/infixowl.py", line ?, in default
Failed example:
    print(list(a.subClassOf))
Exception raised:
    Traceback (most recent call last):
      File "/usr/lib64/python3.8/doctest.py", line 1336, in __run
        exec(compile(example.source, filename, "single",
      File "<doctest default[0]>", line 1, in <module>
        print(list(a.subClassOf))
    AttributeError: 'URIRef' object has no attribute 'subClassOf'
**********************************************************************
File "../rdflib/extras/infixowl.py", line ?, in default
Failed example:
    b = Class(exNs.CreativeWork, graph=g)
Exception raised:
    Traceback (most recent call last):
      File "/usr/lib64/python3.8/doctest.py", line 1336, in __run
        exec(compile(example.source, filename, "single",
      File "<doctest default[1]>", line 1, in <module>
        b = Class(exNs.CreativeWork, graph=g)
    NameError: name 'Class' is not defined
**********************************************************************
File "../rdflib/extras/infixowl.py", line ?, in default
Failed example:
    b -= a
Exception raised:
    Traceback (most recent call last):
      File "/usr/lib64/python3.8/doctest.py", line 1336, in __run
        exec(compile(example.source, filename, "single",
      File "<doctest default[0]>", line 1, in <module>
        b -= a
    TypeError: unsupported operand type(s) for -=: 'URIRef' and 'URIRef'
**********************************************************************
File "../rdflib/extras/infixowl.py", line ?, in default
Failed example:
    c =  a | b | Class(exNs.Work, graph=g)
Exception raised:
    Traceback (most recent call last):
      File "/usr/lib64/python3.8/doctest.py", line 1336, in __run
        exec(compile(example.source, filename, "single",
      File "<doctest default[0]>", line 1, in <module>
        c =  a | b | Class(exNs.Work, graph=g)
    NameError: name 'Class' is not defined
**********************************************************************
File "../rdflib/extras/infixowl.py", line ?, in default
Failed example:
    del c[c.index(Class(exNs.Work, graph=g))]
Exception raised:
    Traceback (most recent call last):
      File "/usr/lib64/python3.8/doctest.py", line 1336, in __run
        exec(compile(example.source, filename, "single",
      File "<doctest default[0]>", line 1, in <module>
        del c[c.index(Class(exNs.Work, graph=g))]
    NameError: name 'c' is not defined
**********************************************************************
File "../rdflib/extras/infixowl.py", line ?, in default
Failed example:
    woman = Class(exNs.Female, graph=g) & Class(exNs.Human, graph=g)
Exception raised:
    Traceback (most recent call last):
      File "/usr/lib64/python3.8/doctest.py", line 1336, in __run
        exec(compile(example.source, filename, "single",
      File "<doctest default[0]>", line 1, in <module>
        woman = Class(exNs.Female, graph=g) & Class(exNs.Human, graph=g)
    NameError: name 'Class' is not defined
**********************************************************************
File "../rdflib/extras/infixowl.py", line ?, in default
Failed example:
    woman.identifier = exNs.Woman
Exception raised:
    Traceback (most recent call last):
      File "/usr/lib64/python3.8/doctest.py", line 1336, in __run
        exec(compile(example.source, filename, "single",
      File "<doctest default[1]>", line 1, in <module>
        woman.identifier = exNs.Woman
    NameError: name 'exNs' is not defined
**********************************************************************
File "../rdflib/extras/infixowl.py", line ?, in default
Failed example:
    len(woman)
Exception raised:
    Traceback (most recent call last):
      File "/usr/lib64/python3.8/doctest.py", line 1336, in __run
        exec(compile(example.source, filename, "single",
      File "<doctest default[3]>", line 1, in <module>
        len(woman)
    NameError: name 'woman' is not defined
**********************************************************************
File "../rdflib/extras/infixowl.py", line ?, in default
Failed example:
    contList = [Class(exNs.Africa, graph=g), Class(exNs.NorthAmerica, graph=g)]
Exception raised:
    Traceback (most recent call last):
      File "/usr/lib64/python3.8/doctest.py", line 1336, in __run
        exec(compile(example.source, filename, "single",
      File "<doctest default[0]>", line 1, in <module>
        contList = [Class(exNs.Africa, graph=g), Class(exNs.NorthAmerica, graph=g)]
    NameError: name 'Class' is not defined
**********************************************************************
File "../rdflib/extras/infixowl.py", line ?, in default
Failed example:
    Individual.factoryGraph = testGraph
Exception raised:
    Traceback (most recent call last):
      File "/usr/lib64/python3.8/doctest.py", line 1336, in __run
        exec(compile(example.source, filename, "single",
      File "<doctest default[1]>", line 1, in <module>
        Individual.factoryGraph = testGraph
    NameError: name 'Individual' is not defined
**********************************************************************
File "../rdflib/extras/infixowl.py", line ?, in default
Failed example:
    EX = Namespace("http://example.com/")
Exception raised:
    Traceback (most recent call last):
      File "/usr/lib64/python3.8/doctest.py", line 1336, in __run
        exec(compile(example.source, filename, "single",
      File "<doctest default[2]>", line 1, in <module>
        EX = Namespace("http://example.com/")
    NameError: name 'Namespace' is not defined
**********************************************************************
File "../rdflib/extras/infixowl.py", line ?, in default
Failed example:
    namespace_manager = NamespaceManager(Graph())
Exception raised:
    Traceback (most recent call last):
      File "/usr/lib64/python3.8/doctest.py", line 1336, in __run
        exec(compile(example.source, filename, "single",
      File "<doctest default[3]>", line 1, in <module>
        namespace_manager = NamespaceManager(Graph())
    NameError: name 'NamespaceManager' is not defined
**********************************************************************
File "../rdflib/extras/infixowl.py", line ?, in default
Failed example:
    namespace_manager.bind('ex', EX, override=False)
Exception raised:
    Traceback (most recent call last):
      File "/usr/lib64/python3.8/doctest.py", line 1336, in __run
        exec(compile(example.source, filename, "single",
      File "<doctest default[4]>", line 1, in <module>
        namespace_manager.bind('ex', EX, override=False)
    NameError: name 'namespace_manager' is not defined
**********************************************************************
File "../rdflib/extras/infixowl.py", line ?, in default
Failed example:
    testGraph.namespace_manager = namespace_manager
Exception raised:
    Traceback (most recent call last):
      File "/usr/lib64/python3.8/doctest.py", line 1336, in __run
        exec(compile(example.source, filename, "single",
      File "<doctest default[5]>", line 1, in <module>
        testGraph.namespace_manager = namespace_manager
    NameError: name 'namespace_manager' is not defined
**********************************************************************
File "../rdflib/extras/infixowl.py", line ?, in default
Failed example:
    fire = Class(EX.Fire)
Exception raised:
    Traceback (most recent call last):
      File "/usr/lib64/python3.8/doctest.py", line 1336, in __run
        exec(compile(example.source, filename, "single",
      File "<doctest default[6]>", line 1, in <module>
        fire = Class(EX.Fire)
    NameError: name 'Class' is not defined
**********************************************************************
File "../rdflib/extras/infixowl.py", line ?, in default
Failed example:
    water = Class(EX.Water)
Exception raised:
    Traceback (most recent call last):
      File "/usr/lib64/python3.8/doctest.py", line 1336, in __run
        exec(compile(example.source, filename, "single",
      File "<doctest default[7]>", line 1, in <module>
        water = Class(EX.Water)
    NameError: name 'Class' is not defined
**********************************************************************
File "../rdflib/extras/infixowl.py", line ?, in default
Failed example:
    testClass = BooleanClass(members=[fire,water])
Exception raised:
    Traceback (most recent call last):
      File "/usr/lib64/python3.8/doctest.py", line 1336, in __run
        exec(compile(example.source, filename, "single",
      File "<doctest default[8]>", line 1, in <module>
        testClass = BooleanClass(members=[fire,water])
    NameError: name 'BooleanClass' is not defined
**********************************************************************
File "../rdflib/extras/infixowl.py", line ?, in default
Failed example:
    testClass.changeOperator(OWL.unionOf)
Exception raised:
    Traceback (most recent call last):
      File "/usr/lib64/python3.8/doctest.py", line 1336, in __run
        exec(compile(example.source, filename, "single",
      File "<doctest default[10]>", line 1, in <module>
        testClass.changeOperator(OWL.unionOf)
    NameError: name 'testClass' is not defined
**********************************************************************
File "../rdflib/extras/infixowl.py", line ?, in default
Failed example:
    try: testClass.changeOperator(OWL.unionOf)
    except Exception as e: print(e)
Expected:
    The new operator is already being used!
Got:
    name 'testClass' is not defined
**********************************************************************
File "../rdflib/extras/infixowl.py", line ?, in default
Failed example:
    exNs = Namespace('http://example.com/')
Exception raised:
    Traceback (most recent call last):
      File "/usr/lib64/python3.8/doctest.py", line 1336, in __run
        exec(compile(example.source, filename, "single",
      File "<doctest default[0]>", line 1, in <module>
        exNs = Namespace('http://example.com/')
    NameError: name 'Namespace' is not defined
**********************************************************************
File "../rdflib/extras/infixowl.py", line ?, in default
Failed example:
    namespace_manager = NamespaceManager(Graph())
Exception raised:
    Traceback (most recent call last):
      File "/usr/lib64/python3.8/doctest.py", line 1336, in __run
        exec(compile(example.source, filename, "single",
      File "<doctest default[1]>", line 1, in <module>
        namespace_manager = NamespaceManager(Graph())
    NameError: name 'NamespaceManager' is not defined
**********************************************************************
File "../rdflib/extras/infixowl.py", line ?, in default
Failed example:
    namespace_manager.bind('ex', exNs, override=False)
Exception raised:
    Traceback (most recent call last):
      File "/usr/lib64/python3.8/doctest.py", line 1336, in __run
        exec(compile(example.source, filename, "single",
      File "<doctest default[2]>", line 1, in <module>
        namespace_manager.bind('ex', exNs, override=False)
    NameError: name 'namespace_manager' is not defined
**********************************************************************
File "../rdflib/extras/infixowl.py", line ?, in default
Failed example:
    namespace_manager.bind('owl', OWL, override=False)
Exception raised:
    Traceback (most recent call last):
      File "/usr/lib64/python3.8/doctest.py", line 1336, in __run
        exec(compile(example.source, filename, "single",
      File "<doctest default[3]>", line 1, in <module>
        namespace_manager.bind('owl', OWL, override=False)
    NameError: name 'namespace_manager' is not defined
**********************************************************************
File "../rdflib/extras/infixowl.py", line ?, in default
Failed example:
    g.namespace_manager = namespace_manager
Exception raised:
    Traceback (most recent call last):
      File "/usr/lib64/python3.8/doctest.py", line 1336, in __run
        exec(compile(example.source, filename, "single",
      File "<doctest default[5]>", line 1, in <module>
        g.namespace_manager = namespace_manager
    NameError: name 'namespace_manager' is not defined
**********************************************************************
File "../rdflib/extras/infixowl.py", line ?, in default
Failed example:
    female = Class(exNs.Female, graph=g)
Exception raised:
    Traceback (most recent call last):
      File "/usr/lib64/python3.8/doctest.py", line 1336, in __run
        exec(compile(example.source, filename, "single",
      File "<doctest default[0]>", line 1, in <module>
        female = Class(exNs.Female, graph=g)
    NameError: name 'Class' is not defined
**********************************************************************
File "../rdflib/extras/infixowl.py", line ?, in default
Failed example:
    human = Class(exNs.Human, graph=g)
Exception raised:
    Traceback (most recent call last):
      File "/usr/lib64/python3.8/doctest.py", line 1336, in __run
        exec(compile(example.source, filename, "single",
      File "<doctest default[1]>", line 1, in <module>
        human = Class(exNs.Human, graph=g)
    NameError: name 'Class' is not defined
**********************************************************************
File "../rdflib/extras/infixowl.py", line ?, in default
Failed example:
    youngPerson = Class(exNs.YoungPerson, graph=g)
Exception raised:
    Traceback (most recent call last):
      File "/usr/lib64/python3.8/doctest.py", line 1336, in __run
        exec(compile(example.source, filename, "single",
      File "<doctest default[2]>", line 1, in <module>
        youngPerson = Class(exNs.YoungPerson, graph=g)
    NameError: name 'Class' is not defined
**********************************************************************
File "../rdflib/extras/infixowl.py", line ?, in default
Failed example:
    youngWoman = female & human & youngPerson
Exception raised:
    Traceback (most recent call last):
      File "/usr/lib64/python3.8/doctest.py", line 1336, in __run
        exec(compile(example.source, filename, "single",
      File "<doctest default[3]>", line 1, in <module>
        youngWoman = female & human & youngPerson
    NameError: name 'female' is not defined
**********************************************************************
File "../rdflib/extras/infixowl.py", line ?, in default
Failed example:
    isinstance(youngWoman, BooleanClass)
Exception raised:
    Traceback (most recent call last):
      File "/usr/lib64/python3.8/doctest.py", line 1336, in __run
        exec(compile(example.source, filename, "single",
      File "<doctest default[5]>", line 1, in <module>
        isinstance(youngWoman, BooleanClass)
    NameError: name 'youngWoman' is not defined
**********************************************************************
File "../rdflib/extras/infixowl.py", line ?, in default
Failed example:
    isinstance(youngWoman.identifier, BNode)
Exception raised:
    Traceback (most recent call last):
      File "/usr/lib64/python3.8/doctest.py", line 1336, in __run
        exec(compile(example.source, filename, "single",
      File "<doctest default[6]>", line 1, in <module>
        isinstance(youngWoman.identifier, BNode)
    NameError: name 'youngWoman' is not defined
**********************************************************************
File "../rdflib/extras/infixowl.py", line ?, in default
Failed example:
    b=Class(OWL.Restriction)
Exception raised:
    Traceback (most recent call last):
      File "/usr/lib64/python3.8/doctest.py", line 1336, in __run
        exec(compile(example.source, filename, "single",
      File "<doctest default[0]>", line 1, in <module>
        b=Class(OWL.Restriction)
    NameError: name 'Class' is not defined
**********************************************************************
File "../rdflib/extras/infixowl.py", line ?, in default
Failed example:
    c=Class(OWL.Restriction)
Exception raised:
    Traceback (most recent call last):
      File "/usr/lib64/python3.8/doctest.py", line 1336, in __run
        exec(compile(example.source, filename, "single",
      File "<doctest default[1]>", line 1, in <module>
        c=Class(OWL.Restriction)
    NameError: name 'Class' is not defined
**********************************************************************
File "../rdflib/extras/infixowl.py", line ?, in default
Failed example:
    len(set([b,c]))
Exception raised:
    Traceback (most recent call last):
      File "/usr/lib64/python3.8/doctest.py", line 1336, in __run
        exec(compile(example.source, filename, "single",
      File "<doctest default[2]>", line 1, in <module>
        len(set([b,c]))
    NameError: name 'c' is not defined
**********************************************************************
File "../rdflib/extras/infixowl.py", line ?, in default
Failed example:
    exNs = Namespace('http://example.com/')
Exception raised:
    Traceback (most recent call last):
      File "/usr/lib64/python3.8/doctest.py", line 1336, in __run
        exec(compile(example.source, filename, "single",
      File "<doctest default[1]>", line 1, in <module>
        exNs = Namespace('http://example.com/')
    NameError: name 'Namespace' is not defined
**********************************************************************
File "../rdflib/extras/infixowl.py", line ?, in default
Failed example:
    namespace_manager = NamespaceManager(Graph())
Exception raised:
    Traceback (most recent call last):
      File "/usr/lib64/python3.8/doctest.py", line 1336, in __run
        exec(compile(example.source, filename, "single",
      File "<doctest default[2]>", line 1, in <module>
        namespace_manager = NamespaceManager(Graph())
    NameError: name 'NamespaceManager' is not defined
**********************************************************************
File "../rdflib/extras/infixowl.py", line ?, in default
Failed example:
    namespace_manager.bind('ex', exNs, override=False)
Exception raised:
    Traceback (most recent call last):
      File "/usr/lib64/python3.8/doctest.py", line 1336, in __run
        exec(compile(example.source, filename, "single",
      File "<doctest default[3]>", line 1, in <module>
        namespace_manager.bind('ex', exNs, override=False)
    NameError: name 'namespace_manager' is not defined
**********************************************************************
File "../rdflib/extras/infixowl.py", line ?, in default
Failed example:
    namespace_manager.bind('owl', OWL, override=False)
Exception raised:
    Traceback (most recent call last):
      File "/usr/lib64/python3.8/doctest.py", line 1336, in __run
        exec(compile(example.source, filename, "single",
      File "<doctest default[4]>", line 1, in <module>
        namespace_manager.bind('owl', OWL, override=False)
    NameError: name 'namespace_manager' is not defined
**********************************************************************
File "../rdflib/extras/infixowl.py", line ?, in default
Failed example:
    g.namespace_manager = namespace_manager
Exception raised:
    Traceback (most recent call last):
      File "/usr/lib64/python3.8/doctest.py", line 1336, in __run
        exec(compile(example.source, filename, "single",
      File "<doctest default[6]>", line 1, in <module>
        g.namespace_manager = namespace_manager
    NameError: name 'namespace_manager' is not defined
**********************************************************************
File "../rdflib/extras/infixowl.py", line ?, in default
Failed example:
    Individual.factoryGraph = g
Exception raised:
    Traceback (most recent call last):
      File "/usr/lib64/python3.8/doctest.py", line 1336, in __run
        exec(compile(example.source, filename, "single",
      File "<doctest default[7]>", line 1, in <module>
        Individual.factoryGraph = g
    NameError: name 'Individual' is not defined
**********************************************************************
File "../rdflib/extras/infixowl.py", line ?, in default
Failed example:
    brother = Class(exNs.Brother)
Exception raised:
    Traceback (most recent call last):
      File "/usr/lib64/python3.8/doctest.py", line 1336, in __run
        exec(compile(example.source, filename, "single",
      File "<doctest default[8]>", line 1, in <module>
        brother = Class(exNs.Brother)
    NameError: name 'Class' is not defined
**********************************************************************
File "../rdflib/extras/infixowl.py", line ?, in default
Failed example:
    sister = Class(exNs.Sister)
Exception raised:
    Traceback (most recent call last):
      File "/usr/lib64/python3.8/doctest.py", line 1336, in __run
        exec(compile(example.source, filename, "single",
      File "<doctest default[9]>", line 1, in <module>
        sister = Class(exNs.Sister)
    NameError: name 'Class' is not defined
**********************************************************************
File "../rdflib/extras/infixowl.py", line ?, in default
Failed example:
    sibling = brother | sister
Exception raised:
    Traceback (most recent call last):
      File "/usr/lib64/python3.8/doctest.py", line 1336, in __run
        exec(compile(example.source, filename, "single",
      File "<doctest default[10]>", line 1, in <module>
        sibling = brother | sister
    NameError: name 'brother' is not defined
**********************************************************************
File "../rdflib/extras/infixowl.py", line ?, in default
Failed example:
    sibling.identifier = exNs.Sibling
Exception raised:
    Traceback (most recent call last):
      File "/usr/lib64/python3.8/doctest.py", line 1336, in __run
        exec(compile(example.source, filename, "single",
      File "<doctest default[11]>", line 1, in <module>
        sibling.identifier = exNs.Sibling
    NameError: name 'exNs' is not defined
**********************************************************************
File "../rdflib/extras/infixowl.py", line ?, in default
Failed example:
    parent = Class(exNs.Parent)
Exception raised:
    Traceback (most recent call last):
      File "/usr/lib64/python3.8/doctest.py", line 1336, in __run
        exec(compile(example.source, filename, "single",
      File "<doctest default[14]>", line 1, in <module>
        parent = Class(exNs.Parent)
    NameError: name 'Class' is not defined
**********************************************************************
File "../rdflib/extras/infixowl.py", line ?, in default
Failed example:
    male = Class(exNs.Male)
Exception raised:
    Traceback (most recent call last):
      File "/usr/lib64/python3.8/doctest.py", line 1336, in __run
        exec(compile(example.source, filename, "single",
      File "<doctest default[15]>", line 1, in <module>
        male = Class(exNs.Male)
    NameError: name 'Class' is not defined
**********************************************************************
File "../rdflib/extras/infixowl.py", line ?, in default
Failed example:
    father = parent & male
Exception raised:
    Traceback (most recent call last):
      File "/usr/lib64/python3.8/doctest.py", line 1336, in __run
        exec(compile(example.source, filename, "single",
      File "<doctest default[16]>", line 1, in <module>
        father = parent & male
    NameError: name 'parent' is not defined
**********************************************************************
File "../rdflib/extras/infixowl.py", line ?, in default
Failed example:
    father.identifier = exNs.Father
Exception raised:
    Traceback (most recent call last):
      File "/usr/lib64/python3.8/doctest.py", line 1336, in __run
        exec(compile(example.source, filename, "single",
      File "<doctest default[17]>", line 1, in <module>
        father.identifier = exNs.Father
    NameError: name 'exNs' is not defined
**********************************************************************
File "../rdflib/extras/infixowl.py", line ?, in default
Failed example:
    EX = Namespace('http://example.com/')
Exception raised:
    Traceback (most recent call last):
      File "/usr/lib64/python3.8/doctest.py", line 1336, in __run
        exec(compile(example.source, filename, "single",
      File "<doctest default[0]>", line 1, in <module>
        EX = Namespace('http://example.com/')
    NameError: name 'Namespace' is not defined
**********************************************************************
File "../rdflib/extras/infixowl.py", line ?, in default
Failed example:
    namespace_manager = NamespaceManager(Graph())
Exception raised:
    Traceback (most recent call last):
      File "/usr/lib64/python3.8/doctest.py", line 1336, in __run
        exec(compile(example.source, filename, "single",
      File "<doctest default[1]>", line 1, in <module>
        namespace_manager = NamespaceManager(Graph())
    NameError: name 'NamespaceManager' is not defined
**********************************************************************
File "../rdflib/extras/infixowl.py", line ?, in default
Failed example:
    namespace_manager.bind('ex', EX, override=False)
Exception raised:
    Traceback (most recent call last):
      File "/usr/lib64/python3.8/doctest.py", line 1336, in __run
        exec(compile(example.source, filename, "single",
      File "<doctest default[2]>", line 1, in <module>
        namespace_manager.bind('ex', EX, override=False)
    NameError: name 'namespace_manager' is not defined
**********************************************************************
File "../rdflib/extras/infixowl.py", line ?, in default
Failed example:
    namespace_manager.bind('owl', OWL, override=False)
Exception raised:
    Traceback (most recent call last):
      File "/usr/lib64/python3.8/doctest.py", line 1336, in __run
        exec(compile(example.source, filename, "single",
      File "<doctest default[3]>", line 1, in <module>
        namespace_manager.bind('owl', OWL, override=False)
    NameError: name 'namespace_manager' is not defined
**********************************************************************
File "../rdflib/extras/infixowl.py", line ?, in default
Failed example:
    g.namespace_manager = namespace_manager
Exception raised:
    Traceback (most recent call last):
      File "/usr/lib64/python3.8/doctest.py", line 1336, in __run
        exec(compile(example.source, filename, "single",
      File "<doctest default[5]>", line 1, in <module>
        g.namespace_manager = namespace_manager
    NameError: name 'namespace_manager' is not defined
**********************************************************************
File "../rdflib/extras/infixowl.py", line ?, in default
Failed example:
    Individual.factoryGraph = g
Exception raised:
    Traceback (most recent call last):
      File "/usr/lib64/python3.8/doctest.py", line 1336, in __run
        exec(compile(example.source, filename, "single",
      File "<doctest default[6]>", line 1, in <module>
        Individual.factoryGraph = g
    NameError: name 'Individual' is not defined
**********************************************************************
File "../rdflib/extras/infixowl.py", line ?, in default
Failed example:
    classB = Class(EX.B)
Exception raised:
    Traceback (most recent call last):
      File "/usr/lib64/python3.8/doctest.py", line 1336, in __run
        exec(compile(example.source, filename, "single",
      File "<doctest default[7]>", line 1, in <module>
        classB = Class(EX.B)
    NameError: name 'Class' is not defined
**********************************************************************
File "../rdflib/extras/infixowl.py", line ?, in default
Failed example:
    classC = Class(EX.C)
Exception raised:
    Traceback (most recent call last):
      File "/usr/lib64/python3.8/doctest.py", line 1336, in __run
        exec(compile(example.source, filename, "single",
      File "<doctest default[8]>", line 1, in <module>
        classC = Class(EX.C)
    NameError: name 'Class' is not defined
**********************************************************************
File "../rdflib/extras/infixowl.py", line ?, in default
Failed example:
    classD = Class(EX.D)
Exception raised:
    Traceback (most recent call last):
      File "/usr/lib64/python3.8/doctest.py", line 1336, in __run
        exec(compile(example.source, filename, "single",
      File "<doctest default[9]>", line 1, in <module>
        classD = Class(EX.D)
    NameError: name 'Class' is not defined
**********************************************************************
File "../rdflib/extras/infixowl.py", line ?, in default
Failed example:
    classE = Class(EX.E)
Exception raised:
    Traceback (most recent call last):
      File "/usr/lib64/python3.8/doctest.py", line 1336, in __run
        exec(compile(example.source, filename, "single",
      File "<doctest default[10]>", line 1, in <module>
        classE = Class(EX.E)
    NameError: name 'Class' is not defined
**********************************************************************
File "../rdflib/extras/infixowl.py", line ?, in default
Failed example:
    classF = Class(EX.F)
Exception raised:
    Traceback (most recent call last):
      File "/usr/lib64/python3.8/doctest.py", line 1336, in __run
        exec(compile(example.source, filename, "single",
      File "<doctest default[11]>", line 1, in <module>
        classF = Class(EX.F)
    NameError: name 'Class' is not defined
**********************************************************************
File "../rdflib/extras/infixowl.py", line ?, in default
Failed example:
    exNs = Namespace('http://example.com/')
Exception raised:
    Traceback (most recent call last):
      File "/usr/lib64/python3.8/doctest.py", line 1336, in __run
        exec(compile(example.source, filename, "single",
      File "<doctest default[0]>", line 1, in <module>
        exNs = Namespace('http://example.com/')
    NameError: name 'Namespace' is not defined
**********************************************************************
File "../rdflib/extras/infixowl.py", line ?, in default
Failed example:
    namespace_manager = NamespaceManager(Graph())
Exception raised:
    Traceback (most recent call last):
      File "/usr/lib64/python3.8/doctest.py", line 1336, in __run
        exec(compile(example.source, filename, "single",
      File "<doctest default[1]>", line 1, in <module>
        namespace_manager = NamespaceManager(Graph())
    NameError: name 'NamespaceManager' is not defined
**********************************************************************
File "../rdflib/extras/infixowl.py", line ?, in default
Failed example:
    namespace_manager.bind('ex', exNs, override=False)
Exception raised:
    Traceback (most recent call last):
      File "/usr/lib64/python3.8/doctest.py", line 1336, in __run
        exec(compile(example.source, filename, "single",
      File "<doctest default[2]>", line 1, in <module>
        namespace_manager.bind('ex', exNs, override=False)
    NameError: name 'namespace_manager' is not defined
**********************************************************************
File "../rdflib/extras/infixowl.py", line ?, in default
Failed example:
    namespace_manager.bind('owl', OWL, override=False)
Exception raised:
    Traceback (most recent call last):
      File "/usr/lib64/python3.8/doctest.py", line 1336, in __run
        exec(compile(example.source, filename, "single",
      File "<doctest default[3]>", line 1, in <module>
        namespace_manager.bind('owl', OWL, override=False)
    NameError: name 'namespace_manager' is not defined
**********************************************************************
File "../rdflib/extras/infixowl.py", line ?, in default
Failed example:
    g.namespace_manager = namespace_manager
Exception raised:
    Traceback (most recent call last):
      File "/usr/lib64/python3.8/doctest.py", line 1336, in __run
        exec(compile(example.source, filename, "single",
      File "<doctest default[5]>", line 1, in <module>
        g.namespace_manager = namespace_manager
    NameError: name 'namespace_manager' is not defined
**********************************************************************
File "../rdflib/extras/infixowl.py", line ?, in default
Failed example:
    Individual.factoryGraph = g
Exception raised:
    Traceback (most recent call last):
      File "/usr/lib64/python3.8/doctest.py", line 1336, in __run
        exec(compile(example.source, filename, "single",
      File "<doctest default[6]>", line 1, in <module>
        Individual.factoryGraph = g
    NameError: name 'Individual' is not defined
**********************************************************************
File "../rdflib/extras/infixowl.py", line ?, in default
Failed example:
    ogbujiBros = EnumeratedClass(exNs.ogbujicBros,
                                 members=[exNs.chime,
                                          exNs.uche,
                                          exNs.ejike])
Exception raised:
    Traceback (most recent call last):
      File "/usr/lib64/python3.8/doctest.py", line 1336, in __run
        exec(compile(example.source, filename, "single",
      File "<doctest default[7]>", line 1, in <module>
        ogbujiBros = EnumeratedClass(exNs.ogbujicBros,
    NameError: name 'EnumeratedClass' is not defined
**********************************************************************
File "../rdflib/extras/infixowl.py", line ?, in default
Failed example:
    col = Collection(g, first(
       g.objects(predicate=OWL.oneOf, subject=ogbujiBros.identifier)))
Exception raised:
    Traceback (most recent call last):
      File "/usr/lib64/python3.8/doctest.py", line 1336, in __run
        exec(compile(example.source, filename, "single",
      File "<doctest default[9]>", line 1, in <module>
        col = Collection(g, first(
    NameError: name 'Collection' is not defined
**********************************************************************
File "../rdflib/extras/infixowl.py", line ?, in default
Failed example:
    [g.qname(item) for item in col]
Exception raised:
    Traceback (most recent call last):
      File "/usr/lib64/python3.8/doctest.py", line 1336, in __run
        exec(compile(example.source, filename, "single",
      File "<doctest default[10]>", line 1, in <module>
        [g.qname(item) for item in col]
    NameError: name 'col' is not defined
**********************************************************************
File "../rdflib/extras/infixowl.py", line ?, in default
Failed example:
    b=Class(OWL.Restriction)
Exception raised:
    Traceback (most recent call last):
      File "/usr/lib64/python3.8/doctest.py", line 1336, in __run
        exec(compile(example.source, filename, "single",
      File "<doctest default[0]>", line 1, in <module>
        b=Class(OWL.Restriction)
    NameError: name 'Class' is not defined
**********************************************************************
File "../rdflib/extras/infixowl.py", line ?, in default
Failed example:
    c=Class(OWL.Restriction)
Exception raised:
    Traceback (most recent call last):
      File "/usr/lib64/python3.8/doctest.py", line 1336, in __run
        exec(compile(example.source, filename, "single",
      File "<doctest default[1]>", line 1, in <module>
        c=Class(OWL.Restriction)
    NameError: name 'Class' is not defined
**********************************************************************
File "../rdflib/extras/infixowl.py", line ?, in default
Failed example:
    len(set([b,c]))
Exception raised:
    Traceback (most recent call last):
      File "/usr/lib64/python3.8/doctest.py", line 1336, in __run
        exec(compile(example.source, filename, "single",
      File "<doctest default[2]>", line 1, in <module>
        len(set([b,c]))
    NameError: name 'c' is not defined
**********************************************************************
File "../rdflib/extras/infixowl.py", line ?, in default
Failed example:
    EX = Namespace("http://example.com/")
Exception raised:
    Traceback (most recent call last):
      File "/usr/lib64/python3.8/doctest.py", line 1336, in __run
        exec(compile(example.source, filename, "single",
      File "<doctest default[2]>", line 1, in <module>
        EX = Namespace("http://example.com/")
    NameError: name 'Namespace' is not defined
**********************************************************************
File "../rdflib/extras/infixowl.py", line ?, in default
Failed example:
    namespace_manager = NamespaceManager(g1)
Exception raised:
    Traceback (most recent call last):
      File "/usr/lib64/python3.8/doctest.py", line 1336, in __run
        exec(compile(example.source, filename, "single",
      File "<doctest default[3]>", line 1, in <module>
        namespace_manager = NamespaceManager(g1)
    NameError: name 'NamespaceManager' is not defined
**********************************************************************
File "../rdflib/extras/infixowl.py", line ?, in default
Failed example:
    namespace_manager.bind('ex', EX, override=False)
Exception raised:
    Traceback (most recent call last):
      File "/usr/lib64/python3.8/doctest.py", line 1336, in __run
        exec(compile(example.source, filename, "single",
      File "<doctest default[4]>", line 1, in <module>
        namespace_manager.bind('ex', EX, override=False)
    NameError: name 'namespace_manager' is not defined
**********************************************************************
File "../rdflib/extras/infixowl.py", line ?, in default
Failed example:
    namespace_manager = NamespaceManager(g2)
Exception raised:
    Traceback (most recent call last):
      File "/usr/lib64/python3.8/doctest.py", line 1336, in __run
        exec(compile(example.source, filename, "single",
      File "<doctest default[5]>", line 1, in <module>
        namespace_manager = NamespaceManager(g2)
    NameError: name 'NamespaceManager' is not defined
**********************************************************************
File "../rdflib/extras/infixowl.py", line ?, in default
Failed example:
    namespace_manager.bind('ex', EX, override=False)
Exception raised:
    Traceback (most recent call last):
      File "/usr/lib64/python3.8/doctest.py", line 1336, in __run
        exec(compile(example.source, filename, "single",
      File "<doctest default[6]>", line 1, in <module>
        namespace_manager.bind('ex', EX, override=False)
    NameError: name 'namespace_manager' is not defined
**********************************************************************
File "../rdflib/extras/infixowl.py", line ?, in default
Failed example:
    Individual.factoryGraph = g1
Exception raised:
    Traceback (most recent call last):
      File "/usr/lib64/python3.8/doctest.py", line 1336, in __run
        exec(compile(example.source, filename, "single",
      File "<doctest default[7]>", line 1, in <module>
        Individual.factoryGraph = g1
    NameError: name 'Individual' is not defined
**********************************************************************
File "../rdflib/extras/infixowl.py", line ?, in default
Failed example:
    prop = Property(EX.someProp, baseType=OWL.DatatypeProperty)
Exception raised:
    Traceback (most recent call last):
      File "/usr/lib64/python3.8/doctest.py", line 1336, in __run
        exec(compile(example.source, filename, "single",
      File "<doctest default[8]>", line 1, in <module>
        prop = Property(EX.someProp, baseType=OWL.DatatypeProperty)
    NameError: name 'Property' is not defined
**********************************************************************
File "../rdflib/extras/infixowl.py", line ?, in default
Failed example:
    restr1 = (Property(
       EX.someProp,
       baseType=OWL.DatatypeProperty)) | some | (Class(EX.Foo))
Exception raised:
    Traceback (most recent call last):
      File "/usr/lib64/python3.8/doctest.py", line 1336, in __run
        exec(compile(example.source, filename, "single",
      File "<doctest default[9]>", line 1, in <module>
        restr1 = (Property(
    NameError: name 'Property' is not defined
**********************************************************************
File "../rdflib/extras/infixowl.py", line ?, in default
Failed example:
    restr1.serialize(g2)
Exception raised:
    Traceback (most recent call last):
      File "/usr/lib64/python3.8/doctest.py", line 1336, in __run
        exec(compile(example.source, filename, "single",
      File "<doctest default[11]>", line 1, in <module>
        restr1.serialize(g2)
    NameError: name 'restr1' is not defined
**********************************************************************
File "../rdflib/extras/infixowl.py", line ?, in default
Failed example:
    Individual.factoryGraph = g2
Exception raised:
    Traceback (most recent call last):
      File "/usr/lib64/python3.8/doctest.py", line 1336, in __run
        exec(compile(example.source, filename, "single",
      File "<doctest default[12]>", line 1, in <module>
        Individual.factoryGraph = g2
    NameError: name 'Individual' is not defined
**********************************************************************
1 items had failures:
 132 of 162 in default
162 tests in 1 items.
30 passed and 132 failed.
***Test Failed*** 132 failures.

Document: apidocs/rdflib.plugins.shared.jsonld
----------------------------------------------
**********************************************************************
File "../rdflib/plugins/shared/jsonld/util.py", line ?, in default
Failed example:
    norm_url('http://example.org/', '/one')
Exception raised:
    Traceback (most recent call last):
      File "/usr/lib64/python3.8/doctest.py", line 1336, in __run
        exec(compile(example.source, filename, "single",
      File "<doctest default[0]>", line 1, in <module>
        norm_url('http://example.org/', '/one')
    NameError: name 'norm_url' is not defined
**********************************************************************
File "../rdflib/plugins/shared/jsonld/util.py", line ?, in default
Failed example:
    norm_url('http://example.org/', '/one#')
Exception raised:
    Traceback (most recent call last):
      File "/usr/lib64/python3.8/doctest.py", line 1336, in __run
        exec(compile(example.source, filename, "single",
      File "<doctest default[1]>", line 1, in <module>
        norm_url('http://example.org/', '/one#')
    NameError: name 'norm_url' is not defined
**********************************************************************
File "../rdflib/plugins/shared/jsonld/util.py", line ?, in default
Failed example:
    norm_url('http://example.org/one', 'two')
Exception raised:
    Traceback (most recent call last):
      File "/usr/lib64/python3.8/doctest.py", line 1336, in __run
        exec(compile(example.source, filename, "single",
      File "<doctest default[2]>", line 1, in <module>
        norm_url('http://example.org/one', 'two')
    NameError: name 'norm_url' is not defined
**********************************************************************
File "../rdflib/plugins/shared/jsonld/util.py", line ?, in default
Failed example:
    norm_url('http://example.org/one/', 'two')
Exception raised:
    Traceback (most recent call last):
      File "/usr/lib64/python3.8/doctest.py", line 1336, in __run
        exec(compile(example.source, filename, "single",
      File "<doctest default[3]>", line 1, in <module>
        norm_url('http://example.org/one/', 'two')
    NameError: name 'norm_url' is not defined
**********************************************************************
File "../rdflib/plugins/shared/jsonld/util.py", line ?, in default
Failed example:
    norm_url('http://example.org/', 'http://example.net/one')
Exception raised:
    Traceback (most recent call last):
      File "/usr/lib64/python3.8/doctest.py", line 1336, in __run
        exec(compile(example.source, filename, "single",
      File "<doctest default[4]>", line 1, in <module>
        norm_url('http://example.org/', 'http://example.net/one')
    NameError: name 'norm_url' is not defined
**********************************************************************
File "../rdflib/plugins/shared/jsonld/util.py", line ?, in default
Failed example:
    norm_url('http://example.org/', 'http://example.org//one')
Exception raised:
    Traceback (most recent call last):
      File "/usr/lib64/python3.8/doctest.py", line 1336, in __run
        exec(compile(example.source, filename, "single",
      File "<doctest default[5]>", line 1, in <module>
        norm_url('http://example.org/', 'http://example.org//one')
    NameError: name 'norm_url' is not defined
**********************************************************************
1 items had failures:
   6 of   6 in default
6 tests in 1 items.
0 passed and 6 failed.
***Test Failed*** 6 failures.

Document: rdf_terms
-------------------
**********************************************************************
File "../rdflib/term.py", line ?, in default
Failed example:
    Literal('01') != Literal('1')  # clear - strings differ
Exception raised:
    Traceback (most recent call last):
      File "/usr/lib64/python3.8/doctest.py", line 1336, in __run
        exec(compile(example.source, filename, "single",
      File "<doctest default[0]>", line 1, in <module>
        Literal('01') != Literal('1')  # clear - strings differ
    NameError: name 'Literal' is not defined
**********************************************************************
File "../rdflib/term.py", line ?, in default
Failed example:
    Literal('01', datatype=XSD.integer) != Literal('1', datatype=XSD.integer)
Exception raised:
    Traceback (most recent call last):
      File "/usr/lib64/python3.8/doctest.py", line 1336, in __run
        exec(compile(example.source, filename, "single",
      File "<doctest default[0]>", line 1, in <module>
        Literal('01', datatype=XSD.integer) != Literal('1', datatype=XSD.integer)
    NameError: name 'Literal' is not defined
**********************************************************************
File "../rdflib/term.py", line ?, in default
Failed example:
    Literal('01', datatype=XSD.integer, normalize=False) != Literal('1', datatype=XSD.integer)
Exception raised:
    Traceback (most recent call last):
      File "/usr/lib64/python3.8/doctest.py", line 1336, in __run
        exec(compile(example.source, filename, "single",
      File "<doctest default[0]>", line 1, in <module>
        Literal('01', datatype=XSD.integer, normalize=False) != Literal('1', datatype=XSD.integer)
    NameError: name 'Literal' is not defined
**********************************************************************
File "../rdflib/term.py", line ?, in default
Failed example:
    Literal('01', datatype=XSD.integer).eq(Literal('1', datatype=XSD.float))
Exception raised:
    Traceback (most recent call last):
      File "/usr/lib64/python3.8/doctest.py", line 1336, in __run
        exec(compile(example.source, filename, "single",
      File "<doctest default[0]>", line 1, in <module>
        Literal('01', datatype=XSD.integer).eq(Literal('1', datatype=XSD.float))
    NameError: name 'Literal' is not defined
**********************************************************************
File "../rdflib/term.py", line ?, in default
Failed example:
    Literal(1).eq(1) # fine - int compatible with xsd:integer
Exception raised:
    Traceback (most recent call last):
      File "/usr/lib64/python3.8/doctest.py", line 1336, in __run
        exec(compile(example.source, filename, "single",
      File "<doctest default[0]>", line 1, in <module>
        Literal(1).eq(1) # fine - int compatible with xsd:integer
    NameError: name 'Literal' is not defined
**********************************************************************
File "../rdflib/term.py", line ?, in default
Failed example:
    Literal('a').eq('b') # fine - str compatible with plain-lit
Exception raised:
    Traceback (most recent call last):
      File "/usr/lib64/python3.8/doctest.py", line 1336, in __run
        exec(compile(example.source, filename, "single",
      File "<doctest default[1]>", line 1, in <module>
        Literal('a').eq('b') # fine - str compatible with plain-lit
    NameError: name 'Literal' is not defined
**********************************************************************
File "../rdflib/term.py", line ?, in default
Failed example:
    Literal('a', datatype=XSD.string).eq('a') # fine - str compatible with xsd:string
Exception raised:
    Traceback (most recent call last):
      File "/usr/lib64/python3.8/doctest.py", line 1336, in __run
        exec(compile(example.source, filename, "single",
      File "<doctest default[2]>", line 1, in <module>
        Literal('a', datatype=XSD.string).eq('a') # fine - str compatible with xsd:string
    NameError: name 'Literal' is not defined
**********************************************************************
File "../rdflib/term.py", line ?, in default
Failed example:
    Literal('a').eq(1) # not fine, int incompatible with plain-lit
Exception raised:
    Traceback (most recent call last):
      File "/usr/lib64/python3.8/doctest.py", line 1336, in __run
        exec(compile(example.source, filename, "single",
      File "<doctest default[3]>", line 1, in <module>
        Literal('a').eq(1) # not fine, int incompatible with plain-lit
    NameError: name 'Literal' is not defined
**********************************************************************
File "../rdflib/term.py", line ?, in default
Failed example:
    Literal(datetime.utcnow()).datatype
Exception raised:
    Traceback (most recent call last):
      File "/usr/lib64/python3.8/doctest.py", line 1336, in __run
        exec(compile(example.source, filename, "single",
      File "<doctest default[4]>", line 1, in <module>
        Literal(datetime.utcnow()).datatype
    NameError: name 'datetime' is not defined
**********************************************************************
File "../rdflib/term.py", line ?, in default
Failed example:
    Literal(1) > URIRef('foo') # by node-type
Exception raised:
    Traceback (most recent call last):
      File "/usr/lib64/python3.8/doctest.py", line 1336, in __run
        exec(compile(example.source, filename, "single",
      File "<doctest default[10]>", line 1, in <module>
        Literal(1) > URIRef('foo') # by node-type
    NameError: name 'URIRef' is not defined
**********************************************************************
1 items had failures:
  10 of  21 in default
21 tests in 1 items.
11 passed and 10 failed.
***Test Failed*** 10 failures.

Document: apidocs/rdflib.namespace
----------------------------------
**********************************************************************
File "../rdflib/namespace/__init__.py", line ?, in default
Failed example:
    namespace = Namespace('http://example.org/')
Exception raised:
    Traceback (most recent call last):
      File "/usr/lib64/python3.8/doctest.py", line 1336, in __run
        exec(compile(example.source, filename, "single",
      File "<doctest default[1]>", line 1, in <module>
        namespace = Namespace('http://example.org/')
    NameError: name 'Namespace' is not defined
**********************************************************************
File "../rdflib/namespace/__init__.py", line ?, in default
Failed example:
    uri in namespace
Exception raised:
    Traceback (most recent call last):
      File "/usr/lib64/python3.8/doctest.py", line 1336, in __run
        exec(compile(example.source, filename, "single",
      File "<doctest default[3]>", line 1, in <module>
        uri in namespace
    NameError: name 'namespace' is not defined
**********************************************************************
File "../rdflib/namespace/__init__.py", line ?, in default
Failed example:
    person_class = namespace['Person']
Exception raised:
    Traceback (most recent call last):
      File "/usr/lib64/python3.8/doctest.py", line 1336, in __run
        exec(compile(example.source, filename, "single",
      File "<doctest default[4]>", line 1, in <module>
        person_class = namespace['Person']
    NameError: name 'namespace' is not defined
**********************************************************************
File "../rdflib/namespace/__init__.py", line ?, in default
Failed example:
    person_class in namespace
Exception raised:
    Traceback (most recent call last):
      File "/usr/lib64/python3.8/doctest.py", line 1336, in __run
        exec(compile(example.source, filename, "single",
      File "<doctest default[5]>", line 1, in <module>
        person_class in namespace
    NameError: name 'person_class' is not defined
**********************************************************************
File "../rdflib/namespace/__init__.py", line ?, in default
Failed example:
    obj in namespace
Exception raised:
    Traceback (most recent call last):
      File "/usr/lib64/python3.8/doctest.py", line 1336, in __run
        exec(compile(example.source, filename, "single",
      File "<doctest default[7]>", line 1, in <module>
        obj in namespace
    NameError: name 'namespace' is not defined
**********************************************************************
1 items had failures:
   5 of  23 in default
23 tests in 1 items.
18 passed and 5 failed.
***Test Failed*** 5 failures.

Document: apidocs/rdflib.plugins.stores
---------------------------------------
**********************************************************************
File "../rdflib/plugins/stores/sparqlstore.py", line ?, in default
Failed example:
    store = SPARQLStore('http://dbpedia.org/sparql',
                        node_to_sparql=my_bnode_ext)
Exception raised:
    Traceback (most recent call last):
      File "/usr/lib64/python3.8/doctest.py", line 1336, in __run
        exec(compile(example.source, filename, "single",
      File "<doctest default[1]>", line 1, in <module>
        store = SPARQLStore('http://dbpedia.org/sparql',
    NameError: name 'SPARQLStore' is not defined
**********************************************************************
File "../rdflib/plugins/stores/sparqlstore.py", line ?, in default
Failed example:
    store = SPARQLStore('...my endpoint ...', auth=('user','pass'))
Exception raised:
    Traceback (most recent call last):
      File "/usr/lib64/python3.8/doctest.py", line 1336, in __run
        exec(compile(example.source, filename, "single",
      File "<doctest default[0]>", line 1, in <module>
        store = SPARQLStore('...my endpoint ...', auth=('user','pass'))
    NameError: name 'SPARQLStore' is not defined
**********************************************************************
1 items had failures:
   2 of   3 in default
3 tests in 1 items.
1 passed and 2 failed.
***Test Failed*** 2 failures.

Document: apidocs/rdflib
------------------------
**********************************************************************
File "../rdflib/collection.py", line ?, in default
Failed example:
    listName = BNode()
Exception raised:
    Traceback (most recent call last):
      File "/usr/lib64/python3.8/doctest.py", line 1336, in __run
        exec(compile(example.source, filename, "single",
      File "<doctest default[2]>", line 1, in <module>
        listName = BNode()
    NameError: name 'BNode' is not defined
**********************************************************************
File "../rdflib/collection.py", line ?, in default
Failed example:
    listItem1 = BNode()
Exception raised:
    Traceback (most recent call last):
      File "/usr/lib64/python3.8/doctest.py", line 1336, in __run
        exec(compile(example.source, filename, "single",
      File "<doctest default[4]>", line 1, in <module>
        listItem1 = BNode()
    NameError: name 'BNode' is not defined
**********************************************************************
File "../rdflib/collection.py", line ?, in default
Failed example:
    listItem2 = BNode()
Exception raised:
    Traceback (most recent call last):
      File "/usr/lib64/python3.8/doctest.py", line 1336, in __run
        exec(compile(example.source, filename, "single",
      File "<doctest default[5]>", line 1, in <module>
        listItem2 = BNode()
    NameError: name 'BNode' is not defined
**********************************************************************
File "../rdflib/collection.py", line ?, in default
Failed example:
    g.add((listName, RDF.first, Literal(1))) # doctest: +ELLIPSIS
Exception raised:
    Traceback (most recent call last):
      File "/usr/lib64/python3.8/doctest.py", line 1336, in __run
        exec(compile(example.source, filename, "single",
      File "<doctest default[6]>", line 1, in <module>
        g.add((listName, RDF.first, Literal(1))) # doctest: +ELLIPSIS
    NameError: name 'listName' is not defined
**********************************************************************
File "../rdflib/collection.py", line ?, in default
Failed example:
    g.add((listName, RDF.rest, listItem1)) # doctest: +ELLIPSIS
Exception raised:
    Traceback (most recent call last):
      File "/usr/lib64/python3.8/doctest.py", line 1336, in __run
        exec(compile(example.source, filename, "single",
      File "<doctest default[7]>", line 1, in <module>
        g.add((listName, RDF.rest, listItem1)) # doctest: +ELLIPSIS
    NameError: name 'listName' is not defined
**********************************************************************
File "../rdflib/collection.py", line ?, in default
Failed example:
    g.add((listItem1, RDF.first, Literal(2))) # doctest: +ELLIPSIS
Exception raised:
    Traceback (most recent call last):
      File "/usr/lib64/python3.8/doctest.py", line 1336, in __run
        exec(compile(example.source, filename, "single",
      File "<doctest default[8]>", line 1, in <module>
        g.add((listItem1, RDF.first, Literal(2))) # doctest: +ELLIPSIS
    NameError: name 'listItem1' is not defined
**********************************************************************
File "../rdflib/collection.py", line ?, in default
Failed example:
    g.add((listItem1, RDF.rest, listItem2)) # doctest: +ELLIPSIS
Exception raised:
    Traceback (most recent call last):
      File "/usr/lib64/python3.8/doctest.py", line 1336, in __run
        exec(compile(example.source, filename, "single",
      File "<doctest default[9]>", line 1, in <module>
        g.add((listItem1, RDF.rest, listItem2)) # doctest: +ELLIPSIS
    NameError: name 'listItem1' is not defined
**********************************************************************
File "../rdflib/collection.py", line ?, in default
Failed example:
    g.add((listItem2, RDF.rest, RDF.nil)) # doctest: +ELLIPSIS
Exception raised:
    Traceback (most recent call last):
      File "/usr/lib64/python3.8/doctest.py", line 1336, in __run
        exec(compile(example.source, filename, "single",
      File "<doctest default[10]>", line 1, in <module>
        g.add((listItem2, RDF.rest, RDF.nil)) # doctest: +ELLIPSIS
    NameError: name 'listItem2' is not defined
**********************************************************************
File "../rdflib/collection.py", line ?, in default
Failed example:
    g.add((listItem2, RDF.first, Literal(3))) # doctest: +ELLIPSIS
Exception raised:
    Traceback (most recent call last):
      File "/usr/lib64/python3.8/doctest.py", line 1336, in __run
        exec(compile(example.source, filename, "single",
      File "<doctest default[11]>", line 1, in <module>
        g.add((listItem2, RDF.first, Literal(3))) # doctest: +ELLIPSIS
    NameError: name 'listItem2' is not defined
**********************************************************************
File "../rdflib/collection.py", line ?, in default
Failed example:
    c = Collection(g,listName)
Exception raised:
    Traceback (most recent call last):
      File "/usr/lib64/python3.8/doctest.py", line 1336, in __run
        exec(compile(example.source, filename, "single",
      File "<doctest default[12]>", line 1, in <module>
        c = Collection(g,listName)
    NameError: name 'Collection' is not defined
**********************************************************************
File "../rdflib/collection.py", line ?, in default
Failed example:
    pprint([term.n3() for term in c])
Exception raised:
    Traceback (most recent call last):
      File "/usr/lib64/python3.8/doctest.py", line 1336, in __run
        exec(compile(example.source, filename, "single",
      File "<doctest default[13]>", line 1, in <module>
        pprint([term.n3() for term in c])
    NameError: name 'c' is not defined
**********************************************************************
File "../rdflib/collection.py", line ?, in default
Failed example:
    Literal(1) in c
Exception raised:
    Traceback (most recent call last):
      File "/usr/lib64/python3.8/doctest.py", line 1336, in __run
        exec(compile(example.source, filename, "single",
      File "<doctest default[0]>", line 1, in <module>
        Literal(1) in c
    NameError: name 'Literal' is not defined
**********************************************************************
File "../rdflib/collection.py", line ?, in default
Failed example:
    len(c)
Exception raised:
    Traceback (most recent call last):
      File "/usr/lib64/python3.8/doctest.py", line 1336, in __run
        exec(compile(example.source, filename, "single",
      File "<doctest default[1]>", line 1, in <module>
        len(c)
    NameError: name 'c' is not defined
**********************************************************************
File "../rdflib/collection.py", line ?, in default
Failed example:
    c._get_container(1) == listItem1
Exception raised:
    Traceback (most recent call last):
      File "/usr/lib64/python3.8/doctest.py", line 1336, in __run
        exec(compile(example.source, filename, "single",
      File "<doctest default[2]>", line 1, in <module>
        c._get_container(1) == listItem1
    NameError: name 'c' is not defined
**********************************************************************
File "../rdflib/collection.py", line ?, in default
Failed example:
    c.index(Literal(2)) == 1
Exception raised:
    Traceback (most recent call last):
      File "/usr/lib64/python3.8/doctest.py", line 1336, in __run
        exec(compile(example.source, filename, "single",
      File "<doctest default[3]>", line 1, in <module>
        c.index(Literal(2)) == 1
    NameError: name 'c' is not defined
**********************************************************************
File "../rdflib/collection.py", line ?, in default
Failed example:
    a = BNode('foo')
Exception raised:
    Traceback (most recent call last):
      File "/usr/lib64/python3.8/doctest.py", line 1336, in __run
        exec(compile(example.source, filename, "single",
      File "<doctest default[4]>", line 1, in <module>
        a = BNode('foo')
    NameError: name 'BNode' is not defined
**********************************************************************
File "../rdflib/collection.py", line ?, in default
Failed example:
    b = BNode('bar')
Exception raised:
    Traceback (most recent call last):
      File "/usr/lib64/python3.8/doctest.py", line 1336, in __run
        exec(compile(example.source, filename, "single",
      File "<doctest default[5]>", line 1, in <module>
        b = BNode('bar')
    NameError: name 'BNode' is not defined
**********************************************************************
File "../rdflib/collection.py", line ?, in default
Failed example:
    c = BNode('baz')
Exception raised:
    Traceback (most recent call last):
      File "/usr/lib64/python3.8/doctest.py", line 1336, in __run
        exec(compile(example.source, filename, "single",
      File "<doctest default[6]>", line 1, in <module>
        c = BNode('baz')
    NameError: name 'BNode' is not defined
**********************************************************************
File "../rdflib/collection.py", line ?, in default
Failed example:
    g.add((a, RDF.first, RDF.type)) # doctest: +ELLIPSIS
Exception raised:
    Traceback (most recent call last):
      File "/usr/lib64/python3.8/doctest.py", line 1336, in __run
        exec(compile(example.source, filename, "single",
      File "<doctest default[7]>", line 1, in <module>
        g.add((a, RDF.first, RDF.type)) # doctest: +ELLIPSIS
    NameError: name 'a' is not defined
**********************************************************************
File "../rdflib/collection.py", line ?, in default
Failed example:
    g.add((a, RDF.rest, b)) # doctest: +ELLIPSIS
Exception raised:
    Traceback (most recent call last):
      File "/usr/lib64/python3.8/doctest.py", line 1336, in __run
        exec(compile(example.source, filename, "single",
      File "<doctest default[8]>", line 1, in <module>
        g.add((a, RDF.rest, b)) # doctest: +ELLIPSIS
    NameError: name 'a' is not defined
**********************************************************************
File "../rdflib/collection.py", line ?, in default
Failed example:
    g.add((b, RDF.first, RDFS.label)) # doctest: +ELLIPSIS
Exception raised:
    Traceback (most recent call last):
      File "/usr/lib64/python3.8/doctest.py", line 1336, in __run
        exec(compile(example.source, filename, "single",
      File "<doctest default[9]>", line 1, in <module>
        g.add((b, RDF.first, RDFS.label)) # doctest: +ELLIPSIS
    NameError: name 'b' is not defined
**********************************************************************
File "../rdflib/collection.py", line ?, in default
Failed example:
    g.add((b, RDF.rest, c)) # doctest: +ELLIPSIS
Exception raised:
    Traceback (most recent call last):
      File "/usr/lib64/python3.8/doctest.py", line 1336, in __run
        exec(compile(example.source, filename, "single",
      File "<doctest default[10]>", line 1, in <module>
        g.add((b, RDF.rest, c)) # doctest: +ELLIPSIS
    NameError: name 'b' is not defined
**********************************************************************
File "../rdflib/collection.py", line ?, in default
Failed example:
    g.add((c, RDF.first, RDFS.comment)) # doctest: +ELLIPSIS
Exception raised:
    Traceback (most recent call last):
      File "/usr/lib64/python3.8/doctest.py", line 1336, in __run
        exec(compile(example.source, filename, "single",
      File "<doctest default[11]>", line 1, in <module>
        g.add((c, RDF.first, RDFS.comment)) # doctest: +ELLIPSIS
    NameError: name 'c' is not defined
**********************************************************************
File "../rdflib/collection.py", line ?, in default
Failed example:
    g.add((c, RDF.rest, RDF.nil)) # doctest: +ELLIPSIS
Exception raised:
    Traceback (most recent call last):
      File "/usr/lib64/python3.8/doctest.py", line 1336, in __run
        exec(compile(example.source, filename, "single",
      File "<doctest default[12]>", line 1, in <module>
        g.add((c, RDF.rest, RDF.nil)) # doctest: +ELLIPSIS
    NameError: name 'c' is not defined
**********************************************************************
File "../rdflib/collection.py", line ?, in default
Failed example:
    len(g)
Expected:
    6
Got:
    0
**********************************************************************
File "../rdflib/collection.py", line ?, in default
Failed example:
    [str(node.n3())
      for node in g.transitiveClosure(listAncestry, RDF.nil)]
Expected:
    ['_:baz', '_:bar', '_:foo']
Got:
    []
**********************************************************************
File "../rdflib/collection.py", line ?, in default
Failed example:
    lst = Collection(g, a)
Exception raised:
    Traceback (most recent call last):
      File "/usr/lib64/python3.8/doctest.py", line 1336, in __run
        exec(compile(example.source, filename, "single",
      File "<doctest default[16]>", line 1, in <module>
        lst = Collection(g, a)
    NameError: name 'Collection' is not defined
**********************************************************************
File "../rdflib/collection.py", line ?, in default
Failed example:
    len(lst)
Exception raised:
    Traceback (most recent call last):
      File "/usr/lib64/python3.8/doctest.py", line 1336, in __run
        exec(compile(example.source, filename, "single",
      File "<doctest default[17]>", line 1, in <module>
        len(lst)
    NameError: name 'lst' is not defined
**********************************************************************
File "../rdflib/collection.py", line ?, in default
Failed example:
    b == lst._get_container(1)
Exception raised:
    Traceback (most recent call last):
      File "/usr/lib64/python3.8/doctest.py", line 1336, in __run
        exec(compile(example.source, filename, "single",
      File "<doctest default[18]>", line 1, in <module>
        b == lst._get_container(1)
    NameError: name 'b' is not defined
**********************************************************************
File "../rdflib/collection.py", line ?, in default
Failed example:
    c == lst._get_container(2)
Exception raised:
    Traceback (most recent call last):
      File "/usr/lib64/python3.8/doctest.py", line 1336, in __run
        exec(compile(example.source, filename, "single",
      File "<doctest default[19]>", line 1, in <module>
        c == lst._get_container(2)
    NameError: name 'c' is not defined
**********************************************************************
File "../rdflib/collection.py", line ?, in default
Failed example:
    del lst[1]
Exception raised:
    Traceback (most recent call last):
      File "/usr/lib64/python3.8/doctest.py", line 1336, in __run
        exec(compile(example.source, filename, "single",
      File "<doctest default[20]>", line 1, in <module>
        del lst[1]
    NameError: name 'lst' is not defined
**********************************************************************
File "../rdflib/collection.py", line ?, in default
Failed example:
    len(lst)
Exception raised:
    Traceback (most recent call last):
      File "/usr/lib64/python3.8/doctest.py", line 1336, in __run
        exec(compile(example.source, filename, "single",
      File "<doctest default[21]>", line 1, in <module>
        len(lst)
    NameError: name 'lst' is not defined
**********************************************************************
File "../rdflib/collection.py", line ?, in default
Failed example:
    len(g)
Expected:
    4
Got:
    0
**********************************************************************
File "../rdflib/collection.py", line ?, in default
Failed example:
    listName = BNode()
Exception raised:
    Traceback (most recent call last):
      File "/usr/lib64/python3.8/doctest.py", line 1336, in __run
        exec(compile(example.source, filename, "single",
      File "<doctest default[1]>", line 1, in <module>
        listName = BNode()
    NameError: name 'BNode' is not defined
**********************************************************************
File "../rdflib/collection.py", line ?, in default
Failed example:
    c = Collection(g,listName,[Literal(1),Literal(2)])
Exception raised:
    Traceback (most recent call last):
      File "/usr/lib64/python3.8/doctest.py", line 1336, in __run
        exec(compile(example.source, filename, "single",
      File "<doctest default[3]>", line 1, in <module>
        c = Collection(g,listName,[Literal(1),Literal(2)])
    NameError: name 'Collection' is not defined
**********************************************************************
File "../rdflib/collection.py", line ?, in default
Failed example:
    links = [
        list(g.subjects(object=i, predicate=RDF.first))[0] for i in c]
Exception raised:
    Traceback (most recent call last):
      File "/usr/lib64/python3.8/doctest.py", line 1336, in __run
        exec(compile(example.source, filename, "single",
      File "<doctest default[4]>", line 2, in <module>
        list(g.subjects(object=i, predicate=RDF.first))[0] for i in c]
    NameError: name 'c' is not defined
**********************************************************************
File "../rdflib/collection.py", line ?, in default
Failed example:
    len([i for i in links if (i, RDF.rest, RDF.nil) in g])
Exception raised:
    Traceback (most recent call last):
      File "/usr/lib64/python3.8/doctest.py", line 1336, in __run
        exec(compile(example.source, filename, "single",
      File "<doctest default[5]>", line 1, in <module>
        len([i for i in links if (i, RDF.rest, RDF.nil) in g])
    NameError: name 'links' is not defined
**********************************************************************
File "../rdflib/collection.py", line ?, in default
Failed example:
    listName = BNode()
Exception raised:
    Traceback (most recent call last):
      File "/usr/lib64/python3.8/doctest.py", line 1336, in __run
        exec(compile(example.source, filename, "single",
      File "<doctest default[1]>", line 1, in <module>
        listName = BNode()
    NameError: name 'BNode' is not defined
**********************************************************************
File "../rdflib/collection.py", line ?, in default
Failed example:
    listItem1 = BNode()
Exception raised:
    Traceback (most recent call last):
      File "/usr/lib64/python3.8/doctest.py", line 1336, in __run
        exec(compile(example.source, filename, "single",
      File "<doctest default[3]>", line 1, in <module>
        listItem1 = BNode()
    NameError: name 'BNode' is not defined
**********************************************************************
File "../rdflib/collection.py", line ?, in default
Failed example:
    listItem2 = BNode()
Exception raised:
    Traceback (most recent call last):
      File "/usr/lib64/python3.8/doctest.py", line 1336, in __run
        exec(compile(example.source, filename, "single",
      File "<doctest default[4]>", line 1, in <module>
        listItem2 = BNode()
    NameError: name 'BNode' is not defined
**********************************************************************
File "../rdflib/collection.py", line ?, in default
Failed example:
    g.add((listName, RDF.first, Literal(1))) # doctest: +ELLIPSIS
Exception raised:
    Traceback (most recent call last):
      File "/usr/lib64/python3.8/doctest.py", line 1336, in __run
        exec(compile(example.source, filename, "single",
      File "<doctest default[5]>", line 1, in <module>
        g.add((listName, RDF.first, Literal(1))) # doctest: +ELLIPSIS
    NameError: name 'listName' is not defined
**********************************************************************
File "../rdflib/collection.py", line ?, in default
Failed example:
    g.add((listName, RDF.rest, listItem1)) # doctest: +ELLIPSIS
Exception raised:
    Traceback (most recent call last):
      File "/usr/lib64/python3.8/doctest.py", line 1336, in __run
        exec(compile(example.source, filename, "single",
      File "<doctest default[6]>", line 1, in <module>
        g.add((listName, RDF.rest, listItem1)) # doctest: +ELLIPSIS
    NameError: name 'listName' is not defined
**********************************************************************
File "../rdflib/collection.py", line ?, in default
Failed example:
    g.add((listItem1, RDF.first, Literal(2))) # doctest: +ELLIPSIS
Exception raised:
    Traceback (most recent call last):
      File "/usr/lib64/python3.8/doctest.py", line 1336, in __run
        exec(compile(example.source, filename, "single",
      File "<doctest default[7]>", line 1, in <module>
        g.add((listItem1, RDF.first, Literal(2))) # doctest: +ELLIPSIS
    NameError: name 'listItem1' is not defined
**********************************************************************
File "../rdflib/collection.py", line ?, in default
Failed example:
    g.add((listItem1, RDF.rest, listItem2)) # doctest: +ELLIPSIS
Exception raised:
    Traceback (most recent call last):
      File "/usr/lib64/python3.8/doctest.py", line 1336, in __run
        exec(compile(example.source, filename, "single",
      File "<doctest default[8]>", line 1, in <module>
        g.add((listItem1, RDF.rest, listItem2)) # doctest: +ELLIPSIS
    NameError: name 'listItem1' is not defined
**********************************************************************
File "../rdflib/collection.py", line ?, in default
Failed example:
    g.add((listItem2, RDF.rest, RDF.nil)) # doctest: +ELLIPSIS
Exception raised:
    Traceback (most recent call last):
      File "/usr/lib64/python3.8/doctest.py", line 1336, in __run
        exec(compile(example.source, filename, "single",
      File "<doctest default[9]>", line 1, in <module>
        g.add((listItem2, RDF.rest, RDF.nil)) # doctest: +ELLIPSIS
    NameError: name 'listItem2' is not defined
**********************************************************************
File "../rdflib/collection.py", line ?, in default
Failed example:
    g.add((listItem2, RDF.first, Literal(3))) # doctest: +ELLIPSIS
Exception raised:
    Traceback (most recent call last):
      File "/usr/lib64/python3.8/doctest.py", line 1336, in __run
        exec(compile(example.source, filename, "single",
      File "<doctest default[10]>", line 1, in <module>
        g.add((listItem2, RDF.first, Literal(3))) # doctest: +ELLIPSIS
    NameError: name 'listItem2' is not defined
**********************************************************************
File "../rdflib/collection.py", line ?, in default
Failed example:
    c = Collection(g, listName)
Exception raised:
    Traceback (most recent call last):
      File "/usr/lib64/python3.8/doctest.py", line 1336, in __run
        exec(compile(example.source, filename, "single",
      File "<doctest default[11]>", line 1, in <module>
        c = Collection(g, listName)
    NameError: name 'Collection' is not defined
**********************************************************************
File "../rdflib/collection.py", line ?, in default
Failed example:
    print(c.n3()) #doctest: +NORMALIZE_WHITESPACE
Exception raised:
    Traceback (most recent call last):
      File "/usr/lib64/python3.8/doctest.py", line 1336, in __run
        exec(compile(example.source, filename, "single",
      File "<doctest default[12]>", line 1, in <module>
        print(c.n3()) #doctest: +NORMALIZE_WHITESPACE
    NameError: name 'c' is not defined
**********************************************************************
File "apidocs/rdflib.rst", line ?, in default
Failed example:
    d = Dispatcher()
Exception raised:
    Traceback (most recent call last):
      File "/usr/lib64/python3.8/doctest.py", line 1336, in __run
        exec(compile(example.source, filename, "single",
      File "<doctest default[0]>", line 1, in <module>
        d = Dispatcher()
    NameError: name 'Dispatcher' is not defined
**********************************************************************
File "apidocs/rdflib.rst", line ?, in default
Failed example:
    d.subscribe(Event, handler1) # doctest: +ELLIPSIS
Exception raised:
    Traceback (most recent call last):
      File "/usr/lib64/python3.8/doctest.py", line 1336, in __run
        exec(compile(example.source, filename, "single",
      File "<doctest default[1]>", line 1, in <module>
        d.subscribe(Event, handler1) # doctest: +ELLIPSIS
    NameError: name 'd' is not defined
**********************************************************************
File "apidocs/rdflib.rst", line ?, in default
Failed example:
    d.dispatch(Event(foo='bar', data='yours', used_by='the event handlers'))
Exception raised:
    Traceback (most recent call last):
      File "/usr/lib64/python3.8/doctest.py", line 1336, in __run
        exec(compile(example.source, filename, "single",
      File "<doctest default[0]>", line 1, in <module>
        d.dispatch(Event(foo='bar', data='yours', used_by='the event handlers'))
    NameError: name 'd' is not defined
**********************************************************************
File "apidocs/rdflib.rst", line ?, in default
Failed example:
    g = Graph('Memory', URIRef("http://rdflib.net"))
Exception raised:
    Traceback (most recent call last):
      File "/usr/lib64/python3.8/doctest.py", line 1336, in __run
        exec(compile(example.source, filename, "single",
      File "<doctest default[0]>", line 1, in <module>
        g = Graph('Memory', URIRef("http://rdflib.net"))
    NameError: name 'URIRef' is not defined
**********************************************************************
File "apidocs/rdflib.rst", line ?, in default
Failed example:
    g.identifier
Expected:
    rdflib.term.URIRef('http://rdflib.net')
Got:
    rdflib.term.BNode('N0644447b01404908af2bfec59604c063')
**********************************************************************
File "apidocs/rdflib.rst", line ?, in default
Failed example:
    str(g)  # doctest: +NORMALIZE_WHITESPACE
Expected:
    "<http://rdflib.net> a rdfg:Graph;rdflib:storage
     [a rdflib:Store;rdfs:label 'Memory']."
Got:
    "[a rdfg:Graph;rdflib:storage [a rdflib:Store;rdfs:label 'Memory']]."
**********************************************************************
File "apidocs/rdflib.rst", line ?, in default
Failed example:
    g = ConjunctiveGraph()
Exception raised:
    Traceback (most recent call last):
      File "/usr/lib64/python3.8/doctest.py", line 1336, in __run
        exec(compile(example.source, filename, "single",
      File "<doctest default[0]>", line 1, in <module>
        g = ConjunctiveGraph()
    NameError: name 'ConjunctiveGraph' is not defined
**********************************************************************
File "apidocs/rdflib.rst", line ?, in default
Failed example:
    str(g.default_context)
Exception raised:
    Traceback (most recent call last):
      File "/usr/lib64/python3.8/doctest.py", line 1336, in __run
        exec(compile(example.source, filename, "single",
      File "<doctest default[1]>", line 1, in <module>
        str(g.default_context)
    AttributeError: 'Graph' object has no attribute 'default_context'
**********************************************************************
File "apidocs/rdflib.rst", line ?, in default
Failed example:
    statementId = BNode()
Exception raised:
    Traceback (most recent call last):
      File "/usr/lib64/python3.8/doctest.py", line 1336, in __run
        exec(compile(example.source, filename, "single",
      File "<doctest default[1]>", line 1, in <module>
        statementId = BNode()
    NameError: name 'BNode' is not defined
**********************************************************************
File "apidocs/rdflib.rst", line ?, in default
Failed example:
    g.add((statementId, RDF.type, RDF.Statement)) # doctest: +ELLIPSIS
Exception raised:
    Traceback (most recent call last):
      File "/usr/lib64/python3.8/doctest.py", line 1336, in __run
        exec(compile(example.source, filename, "single",
      File "<doctest default[3]>", line 1, in <module>
        g.add((statementId, RDF.type, RDF.Statement)) # doctest: +ELLIPSIS
    NameError: name 'statementId' is not defined
**********************************************************************
File "apidocs/rdflib.rst", line ?, in default
Failed example:
    g.add((statementId, RDF.subject,
        URIRef("http://rdflib.net/store/ConjunctiveGraph"))) # doctest: +ELLIPSIS
Exception raised:
    Traceback (most recent call last):
      File "/usr/lib64/python3.8/doctest.py", line 1336, in __run
        exec(compile(example.source, filename, "single",
      File "<doctest default[4]>", line 1, in <module>
        g.add((statementId, RDF.subject,
    NameError: name 'statementId' is not defined
**********************************************************************
File "apidocs/rdflib.rst", line ?, in default
Failed example:
    g.add((statementId, RDF.predicate, namespace.RDFS.label)) # doctest: +ELLIPSIS
Exception raised:
    Traceback (most recent call last):
      File "/usr/lib64/python3.8/doctest.py", line 1336, in __run
        exec(compile(example.source, filename, "single",
      File "<doctest default[5]>", line 1, in <module>
        g.add((statementId, RDF.predicate, namespace.RDFS.label)) # doctest: +ELLIPSIS
    NameError: name 'statementId' is not defined
**********************************************************************
File "apidocs/rdflib.rst", line ?, in default
Failed example:
    g.add((statementId, RDF.object, Literal("Conjunctive Graph"))) # doctest: +ELLIPSIS
Exception raised:
    Traceback (most recent call last):
      File "/usr/lib64/python3.8/doctest.py", line 1336, in __run
        exec(compile(example.source, filename, "single",
      File "<doctest default[6]>", line 1, in <module>
        g.add((statementId, RDF.object, Literal("Conjunctive Graph"))) # doctest: +ELLIPSIS
    NameError: name 'statementId' is not defined
**********************************************************************
File "apidocs/rdflib.rst", line ?, in default
Failed example:
    print(len(g))
Expected:
    4
Got:
    0
**********************************************************************
File "apidocs/rdflib.rst", line ?, in default
Failed example:
    for s, p, o in g:
        print(type(s))
Expected:
    <class 'rdflib.term.BNode'>
    <class 'rdflib.term.BNode'>
    <class 'rdflib.term.BNode'>
    <class 'rdflib.term.BNode'>
Got nothing
**********************************************************************
File "apidocs/rdflib.rst", line ?, in default
Failed example:
    for s, p, o in g.triples((None, RDF.object, None)):
        print(o)
Expected:
    Conjunctive Graph
Got nothing
**********************************************************************
File "apidocs/rdflib.rst", line ?, in default
Failed example:
    g.remove((statementId, RDF.type, RDF.Statement)) # doctest: +ELLIPSIS
Exception raised:
    Traceback (most recent call last):
      File "/usr/lib64/python3.8/doctest.py", line 1336, in __run
        exec(compile(example.source, filename, "single",
      File "<doctest default[1]>", line 1, in <module>
        g.remove((statementId, RDF.type, RDF.Statement)) # doctest: +ELLIPSIS
    NameError: name 'statementId' is not defined
**********************************************************************
File "apidocs/rdflib.rst", line ?, in default
Failed example:
    print(len(g))
Expected:
    3
Got:
    0
**********************************************************************
File "apidocs/rdflib.rst", line ?, in default
Failed example:
    u = URIRef("http://example.com/foo")
Exception raised:
    Traceback (most recent call last):
      File "/usr/lib64/python3.8/doctest.py", line 1336, in __run
        exec(compile(example.source, filename, "single",
      File "<doctest default[2]>", line 1, in <module>
        u = URIRef("http://example.com/foo")
    NameError: name 'URIRef' is not defined
**********************************************************************
File "apidocs/rdflib.rst", line ?, in default
Failed example:
    g1.add([u, namespace.RDFS.label, Literal("foo")]) # doctest: +ELLIPSIS
Exception raised:
    Traceback (most recent call last):
      File "/usr/lib64/python3.8/doctest.py", line 1336, in __run
        exec(compile(example.source, filename, "single",
      File "<doctest default[3]>", line 1, in <module>
        g1.add([u, namespace.RDFS.label, Literal("foo")]) # doctest: +ELLIPSIS
    NameError: name 'u' is not defined
**********************************************************************
File "apidocs/rdflib.rst", line ?, in default
Failed example:
    g1.add([u, namespace.RDFS.label, Literal("bar")]) # doctest: +ELLIPSIS
Exception raised:
    Traceback (most recent call last):
      File "/usr/lib64/python3.8/doctest.py", line 1336, in __run
        exec(compile(example.source, filename, "single",
      File "<doctest default[4]>", line 1, in <module>
        g1.add([u, namespace.RDFS.label, Literal("bar")]) # doctest: +ELLIPSIS
    NameError: name 'u' is not defined
**********************************************************************
File "apidocs/rdflib.rst", line ?, in default
Failed example:
    g2.add([u, namespace.RDFS.label, Literal("foo")]) # doctest: +ELLIPSIS
Exception raised:
    Traceback (most recent call last):
      File "/usr/lib64/python3.8/doctest.py", line 1336, in __run
        exec(compile(example.source, filename, "single",
      File "<doctest default[5]>", line 1, in <module>
        g2.add([u, namespace.RDFS.label, Literal("foo")]) # doctest: +ELLIPSIS
    NameError: name 'u' is not defined
**********************************************************************
File "apidocs/rdflib.rst", line ?, in default
Failed example:
    g2.add([u, namespace.RDFS.label, Literal("bing")]) # doctest: +ELLIPSIS
Exception raised:
    Traceback (most recent call last):
      File "/usr/lib64/python3.8/doctest.py", line 1336, in __run
        exec(compile(example.source, filename, "single",
      File "<doctest default[6]>", line 1, in <module>
        g2.add([u, namespace.RDFS.label, Literal("bing")]) # doctest: +ELLIPSIS
    NameError: name 'u' is not defined
**********************************************************************
File "apidocs/rdflib.rst", line ?, in default
Failed example:
    len(g1 + g2)  # adds bing as label
Expected:
    3
Got:
    0
**********************************************************************
File "apidocs/rdflib.rst", line ?, in default
Failed example:
    len(g1 - g2)  # removes foo
Expected:
    1
Got:
    0
**********************************************************************
File "apidocs/rdflib.rst", line ?, in default
Failed example:
    len(g1 * g2)  # only foo
Expected:
    1
Got:
    0
**********************************************************************
File "apidocs/rdflib.rst", line ?, in default
Failed example:
    store = plugin.get("Memory", Store)()
Exception raised:
    Traceback (most recent call last):
      File "/usr/lib64/python3.8/doctest.py", line 1336, in __run
        exec(compile(example.source, filename, "single",
      File "<doctest default[0]>", line 1, in <module>
        store = plugin.get("Memory", Store)()
    NameError: name 'plugin' is not defined
**********************************************************************
File "apidocs/rdflib.rst", line ?, in default
Failed example:
    g1 = Graph(store)
Exception raised:
    Traceback (most recent call last):
      File "/usr/lib64/python3.8/doctest.py", line 1336, in __run
        exec(compile(example.source, filename, "single",
      File "<doctest default[1]>", line 1, in <module>
        g1 = Graph(store)
    NameError: name 'store' is not defined
**********************************************************************
File "apidocs/rdflib.rst", line ?, in default
Failed example:
    g2 = Graph(store)
Exception raised:
    Traceback (most recent call last):
      File "/usr/lib64/python3.8/doctest.py", line 1336, in __run
        exec(compile(example.source, filename, "single",
      File "<doctest default[2]>", line 1, in <module>
        g2 = Graph(store)
    NameError: name 'store' is not defined
**********************************************************************
File "apidocs/rdflib.rst", line ?, in default
Failed example:
    g3 = Graph(store)
Exception raised:
    Traceback (most recent call last):
      File "/usr/lib64/python3.8/doctest.py", line 1336, in __run
        exec(compile(example.source, filename, "single",
      File "<doctest default[3]>", line 1, in <module>
        g3 = Graph(store)
    NameError: name 'store' is not defined
**********************************************************************
File "apidocs/rdflib.rst", line ?, in default
Failed example:
    stmt1 = BNode()
Exception raised:
    Traceback (most recent call last):
      File "/usr/lib64/python3.8/doctest.py", line 1336, in __run
        exec(compile(example.source, filename, "single",
      File "<doctest default[4]>", line 1, in <module>
        stmt1 = BNode()
    NameError: name 'BNode' is not defined
**********************************************************************
File "apidocs/rdflib.rst", line ?, in default
Failed example:
    stmt2 = BNode()
Exception raised:
    Traceback (most recent call last):
      File "/usr/lib64/python3.8/doctest.py", line 1336, in __run
        exec(compile(example.source, filename, "single",
      File "<doctest default[5]>", line 1, in <module>
        stmt2 = BNode()
    NameError: name 'BNode' is not defined
**********************************************************************
File "apidocs/rdflib.rst", line ?, in default
Failed example:
    stmt3 = BNode()
Exception raised:
    Traceback (most recent call last):
      File "/usr/lib64/python3.8/doctest.py", line 1336, in __run
        exec(compile(example.source, filename, "single",
      File "<doctest default[6]>", line 1, in <module>
        stmt3 = BNode()
    NameError: name 'BNode' is not defined
**********************************************************************
File "apidocs/rdflib.rst", line ?, in default
Failed example:
    g1.add((stmt1, RDF.type, RDF.Statement)) # doctest: +ELLIPSIS
Exception raised:
    Traceback (most recent call last):
      File "/usr/lib64/python3.8/doctest.py", line 1336, in __run
        exec(compile(example.source, filename, "single",
      File "<doctest default[7]>", line 1, in <module>
        g1.add((stmt1, RDF.type, RDF.Statement)) # doctest: +ELLIPSIS
    NameError: name 'stmt1' is not defined
**********************************************************************
File "apidocs/rdflib.rst", line ?, in default
Failed example:
    g1.add((stmt1, RDF.subject,
        URIRef('http://rdflib.net/store/ConjunctiveGraph'))) # doctest: +ELLIPSIS
Exception raised:
    Traceback (most recent call last):
      File "/usr/lib64/python3.8/doctest.py", line 1336, in __run
        exec(compile(example.source, filename, "single",
      File "<doctest default[8]>", line 1, in <module>
        g1.add((stmt1, RDF.subject,
    NameError: name 'stmt1' is not defined
**********************************************************************
File "apidocs/rdflib.rst", line ?, in default
Failed example:
    g1.add((stmt1, RDF.predicate, namespace.RDFS.label)) # doctest: +ELLIPSIS
Exception raised:
    Traceback (most recent call last):
      File "/usr/lib64/python3.8/doctest.py", line 1336, in __run
        exec(compile(example.source, filename, "single",
      File "<doctest default[9]>", line 1, in <module>
        g1.add((stmt1, RDF.predicate, namespace.RDFS.label)) # doctest: +ELLIPSIS
    NameError: name 'stmt1' is not defined
**********************************************************************
File "apidocs/rdflib.rst", line ?, in default
Failed example:
    g1.add((stmt1, RDF.object, Literal('Conjunctive Graph'))) # doctest: +ELLIPSIS
Exception raised:
    Traceback (most recent call last):
      File "/usr/lib64/python3.8/doctest.py", line 1336, in __run
        exec(compile(example.source, filename, "single",
      File "<doctest default[10]>", line 1, in <module>
        g1.add((stmt1, RDF.object, Literal('Conjunctive Graph'))) # doctest: +ELLIPSIS
    NameError: name 'stmt1' is not defined
**********************************************************************
File "apidocs/rdflib.rst", line ?, in default
Failed example:
    g2.add((stmt2, RDF.type, RDF.Statement)) # doctest: +ELLIPSIS
Exception raised:
    Traceback (most recent call last):
      File "/usr/lib64/python3.8/doctest.py", line 1336, in __run
        exec(compile(example.source, filename, "single",
      File "<doctest default[11]>", line 1, in <module>
        g2.add((stmt2, RDF.type, RDF.Statement)) # doctest: +ELLIPSIS
    NameError: name 'stmt2' is not defined
**********************************************************************
File "apidocs/rdflib.rst", line ?, in default
Failed example:
    g2.add((stmt2, RDF.subject,
        URIRef('http://rdflib.net/store/ConjunctiveGraph'))) # doctest: +ELLIPSIS
Exception raised:
    Traceback (most recent call last):
      File "/usr/lib64/python3.8/doctest.py", line 1336, in __run
        exec(compile(example.source, filename, "single",
      File "<doctest default[12]>", line 1, in <module>
        g2.add((stmt2, RDF.subject,
    NameError: name 'stmt2' is not defined
**********************************************************************
File "apidocs/rdflib.rst", line ?, in default
Failed example:
    g2.add((stmt2, RDF.predicate, RDF.type)) # doctest: +ELLIPSIS
Exception raised:
    Traceback (most recent call last):
      File "/usr/lib64/python3.8/doctest.py", line 1336, in __run
        exec(compile(example.source, filename, "single",
      File "<doctest default[13]>", line 1, in <module>
        g2.add((stmt2, RDF.predicate, RDF.type)) # doctest: +ELLIPSIS
    NameError: name 'stmt2' is not defined
**********************************************************************
File "apidocs/rdflib.rst", line ?, in default
Failed example:
    g2.add((stmt2, RDF.object, namespace.RDFS.Class)) # doctest: +ELLIPSIS
Exception raised:
    Traceback (most recent call last):
      File "/usr/lib64/python3.8/doctest.py", line 1336, in __run
        exec(compile(example.source, filename, "single",
      File "<doctest default[14]>", line 1, in <module>
        g2.add((stmt2, RDF.object, namespace.RDFS.Class)) # doctest: +ELLIPSIS
    NameError: name 'stmt2' is not defined
**********************************************************************
File "apidocs/rdflib.rst", line ?, in default
Failed example:
    g3.add((stmt3, RDF.type, RDF.Statement)) # doctest: +ELLIPSIS
Exception raised:
    Traceback (most recent call last):
      File "/usr/lib64/python3.8/doctest.py", line 1336, in __run
        exec(compile(example.source, filename, "single",
      File "<doctest default[15]>", line 1, in <module>
        g3.add((stmt3, RDF.type, RDF.Statement)) # doctest: +ELLIPSIS
    NameError: name 'g3' is not defined
**********************************************************************
File "apidocs/rdflib.rst", line ?, in default
Failed example:
    g3.add((stmt3, RDF.subject,
        URIRef('http://rdflib.net/store/ConjunctiveGraph'))) # doctest: +ELLIPSIS
Exception raised:
    Traceback (most recent call last):
      File "/usr/lib64/python3.8/doctest.py", line 1336, in __run
        exec(compile(example.source, filename, "single",
      File "<doctest default[16]>", line 1, in <module>
        g3.add((stmt3, RDF.subject,
    NameError: name 'g3' is not defined
**********************************************************************
File "apidocs/rdflib.rst", line ?, in default
Failed example:
    g3.add((stmt3, RDF.predicate, namespace.RDFS.comment)) # doctest: +ELLIPSIS
Exception raised:
    Traceback (most recent call last):
      File "/usr/lib64/python3.8/doctest.py", line 1336, in __run
        exec(compile(example.source, filename, "single",
      File "<doctest default[17]>", line 1, in <module>
        g3.add((stmt3, RDF.predicate, namespace.RDFS.comment)) # doctest: +ELLIPSIS
    NameError: name 'g3' is not defined
**********************************************************************
File "apidocs/rdflib.rst", line ?, in default
Failed example:
    g3.add((stmt3, RDF.object, Literal(
        'The top-level aggregate graph - The sum ' +
        'of all named graphs within a Store'))) # doctest: +ELLIPSIS
Exception raised:
    Traceback (most recent call last):
      File "/usr/lib64/python3.8/doctest.py", line 1336, in __run
        exec(compile(example.source, filename, "single",
      File "<doctest default[18]>", line 1, in <module>
        g3.add((stmt3, RDF.object, Literal(
    NameError: name 'g3' is not defined
**********************************************************************
File "apidocs/rdflib.rst", line ?, in default
Failed example:
    len(list(ConjunctiveGraph(store).subjects(RDF.type, RDF.Statement)))
Exception raised:
    Traceback (most recent call last):
      File "/usr/lib64/python3.8/doctest.py", line 1336, in __run
        exec(compile(example.source, filename, "single",
      File "<doctest default[19]>", line 1, in <module>
        len(list(ConjunctiveGraph(store).subjects(RDF.type, RDF.Statement)))
    NameError: name 'ConjunctiveGraph' is not defined
**********************************************************************
File "apidocs/rdflib.rst", line ?, in default
Failed example:
    len(list(ReadOnlyGraphAggregate([g1,g2]).subjects(
        RDF.type, RDF.Statement)))
Exception raised:
    Traceback (most recent call last):
      File "/usr/lib64/python3.8/doctest.py", line 1336, in __run
        exec(compile(example.source, filename, "single",
      File "<doctest default[20]>", line 1, in <module>
        len(list(ReadOnlyGraphAggregate([g1,g2]).subjects(
    NameError: name 'ReadOnlyGraphAggregate' is not defined
**********************************************************************
File "apidocs/rdflib.rst", line ?, in default
Failed example:
    uniqueGraphNames = set(
        [graph.identifier for s, p, o, graph in ConjunctiveGraph(store
        ).quads((None, RDF.predicate, None))])
Exception raised:
    Traceback (most recent call last):
      File "/usr/lib64/python3.8/doctest.py", line 1336, in __run
        exec(compile(example.source, filename, "single",
      File "<doctest default[0]>", line 2, in <module>
        [graph.identifier for s, p, o, graph in ConjunctiveGraph(store
    NameError: name 'ConjunctiveGraph' is not defined
**********************************************************************
File "apidocs/rdflib.rst", line ?, in default
Failed example:
    len(uniqueGraphNames)
Exception raised:
    Traceback (most recent call last):
      File "/usr/lib64/python3.8/doctest.py", line 1336, in __run
        exec(compile(example.source, filename, "single",
      File "<doctest default[1]>", line 1, in <module>
        len(uniqueGraphNames)
    NameError: name 'uniqueGraphNames' is not defined
**********************************************************************
File "apidocs/rdflib.rst", line ?, in default
Failed example:
    unionGraph = ReadOnlyGraphAggregate([g1, g2])
Exception raised:
    Traceback (most recent call last):
      File "/usr/lib64/python3.8/doctest.py", line 1336, in __run
        exec(compile(example.source, filename, "single",
      File "<doctest default[2]>", line 1, in <module>
        unionGraph = ReadOnlyGraphAggregate([g1, g2])
    NameError: name 'ReadOnlyGraphAggregate' is not defined
**********************************************************************
File "apidocs/rdflib.rst", line ?, in default
Failed example:
    uniqueGraphNames = set(
        [graph.identifier for s, p, o, graph in unionGraph.quads(
        (None, RDF.predicate, None))])
Exception raised:
    Traceback (most recent call last):
      File "/usr/lib64/python3.8/doctest.py", line 1336, in __run
        exec(compile(example.source, filename, "single",
      File "<doctest default[3]>", line 2, in <module>
        [graph.identifier for s, p, o, graph in unionGraph.quads(
    NameError: name 'unionGraph' is not defined
**********************************************************************
File "apidocs/rdflib.rst", line ?, in default
Failed example:
    len(uniqueGraphNames)
Exception raised:
    Traceback (most recent call last):
      File "/usr/lib64/python3.8/doctest.py", line 1336, in __run
        exec(compile(example.source, filename, "single",
      File "<doctest default[4]>", line 1, in <module>
        len(uniqueGraphNames)
    NameError: name 'uniqueGraphNames' is not defined
**********************************************************************
File "apidocs/rdflib.rst", line ?, in default
Failed example:
    RDFLib = Namespace("http://rdflib.net/")
Exception raised:
    Traceback (most recent call last):
      File "/usr/lib64/python3.8/doctest.py", line 1336, in __run
        exec(compile(example.source, filename, "single",
      File "<doctest default[0]>", line 1, in <module>
        RDFLib = Namespace("http://rdflib.net/")
    NameError: name 'Namespace' is not defined
**********************************************************************
File "apidocs/rdflib.rst", line ?, in default
Failed example:
    RDFLib.ConjunctiveGraph
Exception raised:
    Traceback (most recent call last):
      File "/usr/lib64/python3.8/doctest.py", line 1336, in __run
        exec(compile(example.source, filename, "single",
      File "<doctest default[1]>", line 1, in <module>
        RDFLib.ConjunctiveGraph
    NameError: name 'RDFLib' is not defined
**********************************************************************
File "apidocs/rdflib.rst", line ?, in default
Failed example:
    RDFLib["Graph"]
Exception raised:
    Traceback (most recent call last):
      File "/usr/lib64/python3.8/doctest.py", line 1336, in __run
        exec(compile(example.source, filename, "single",
      File "<doctest default[2]>", line 1, in <module>
        RDFLib["Graph"]
    NameError: name 'RDFLib' is not defined
**********************************************************************
File "../rdflib/graph.py", line ?, in default
Failed example:
    ds = Dataset()
Exception raised:
    Traceback (most recent call last):
      File "/usr/lib64/python3.8/doctest.py", line 1336, in __run
        exec(compile(example.source, filename, "single",
      File "<doctest default[0]>", line 1, in <module>
        ds = Dataset()
    NameError: name 'Dataset' is not defined
**********************************************************************
File "../rdflib/graph.py", line ?, in default
Failed example:
    ds.add((URIRef("http://example.org/a"),
       URIRef("http://www.example.org/b"),
       Literal("foo")))  # doctest: +ELLIPSIS
Exception raised:
    Traceback (most recent call last):
      File "/usr/lib64/python3.8/doctest.py", line 1336, in __run
        exec(compile(example.source, filename, "single",
      File "<doctest default[1]>", line 1, in <module>
        ds.add((URIRef("http://example.org/a"),
    NameError: name 'ds' is not defined
**********************************************************************
File "../rdflib/graph.py", line ?, in default
Failed example:
    g = ds.graph(URIRef("http://www.example.com/gr"))
Exception raised:
    Traceback (most recent call last):
      File "/usr/lib64/python3.8/doctest.py", line 1336, in __run
        exec(compile(example.source, filename, "single",
      File "<doctest default[2]>", line 1, in <module>
        g = ds.graph(URIRef("http://www.example.com/gr"))
    NameError: name 'ds' is not defined
**********************************************************************
File "../rdflib/graph.py", line ?, in default
Failed example:
    g.add(
        (URIRef("http://example.org/x"),
        URIRef("http://example.org/y"),
        Literal("bar")) ) # doctest: +ELLIPSIS
Exception raised:
    Traceback (most recent call last):
      File "/usr/lib64/python3.8/doctest.py", line 1336, in __run
        exec(compile(example.source, filename, "single",
      File "<doctest default[3]>", line 2, in <module>
        (URIRef("http://example.org/x"),
    NameError: name 'URIRef' is not defined
**********************************************************************
File "../rdflib/graph.py", line ?, in default
Failed example:
    ds.add(
        (URIRef("http://example.org/x"),
        URIRef("http://example.org/z"),
        Literal("foo-bar"),g) ) # doctest: +ELLIPSIS
Exception raised:
    Traceback (most recent call last):
      File "/usr/lib64/python3.8/doctest.py", line 1336, in __run
        exec(compile(example.source, filename, "single",
      File "<doctest default[4]>", line 1, in <module>
        ds.add(
    NameError: name 'ds' is not defined
**********************************************************************
File "../rdflib/graph.py", line ?, in default
Failed example:
    h = ds.graph()
Exception raised:
    Traceback (most recent call last):
      File "/usr/lib64/python3.8/doctest.py", line 1336, in __run
        exec(compile(example.source, filename, "single",
      File "<doctest default[10]>", line 1, in <module>
        h = ds.graph()
    NameError: name 'ds' is not defined
**********************************************************************
File "../rdflib/graph.py", line ?, in default
Failed example:
    g.add((rdflib.URIRef("urn:bob"), namespace.RDFS.label, rdflib.Literal("Bob"))) # doctest: +ELLIPSIS
Exception raised:
    Traceback (most recent call last):
      File "/usr/lib64/python3.8/doctest.py", line 1336, in __run
        exec(compile(example.source, filename, "single",
      File "<doctest default[2]>", line 1, in <module>
        g.add((rdflib.URIRef("urn:bob"), namespace.RDFS.label, rdflib.Literal("Bob"))) # doctest: +ELLIPSIS
    NameError: name 'namespace' is not defined
**********************************************************************
File "../rdflib/graph.py", line ?, in default
Failed example:
    list(g[rdflib.URIRef("urn:bob")]) # all triples about bob
Expected:
    [(rdflib.term.URIRef('http://www.w3.org/2000/01/rdf-schema#label'), rdflib.term.Literal('Bob'))]
Got:
    []
**********************************************************************
File "../rdflib/graph.py", line ?, in default
Failed example:
    list(g[:namespace.RDFS.label]) # all label triples
Exception raised:
    Traceback (most recent call last):
      File "/usr/lib64/python3.8/doctest.py", line 1336, in __run
        exec(compile(example.source, filename, "single",
      File "<doctest default[0]>", line 1, in <module>
        list(g[:namespace.RDFS.label]) # all label triples
    NameError: name 'namespace' is not defined
**********************************************************************
File "../rdflib/graph.py", line ?, in default
Failed example:
    list(g[::rdflib.Literal("Bob")]) # all triples with bob as object
Expected:
    [(rdflib.term.URIRef('urn:bob'), rdflib.term.URIRef('http://www.w3.org/2000/01/rdf-schema#label'))]
Got:
    []
**********************************************************************
File "../rdflib/graph.py", line ?, in default
Failed example:
    f = os.fdopen(fd, "w")
Exception raised:
    Traceback (most recent call last):
      File "/usr/lib64/python3.8/doctest.py", line 1336, in __run
        exec(compile(example.source, filename, "single",
      File "<doctest default[3]>", line 1, in <module>
        f = os.fdopen(fd, "w")
    NameError: name 'os' is not defined
**********************************************************************
File "../rdflib/graph.py", line ?, in default
Failed example:
    dummy = f.write(my_data)  # Returns num bytes written
Exception raised:
    Traceback (most recent call last):
      File "/usr/lib64/python3.8/doctest.py", line 1336, in __run
        exec(compile(example.source, filename, "single",
      File "<doctest default[4]>", line 1, in <module>
        dummy = f.write(my_data)  # Returns num bytes written
    NameError: name 'f' is not defined
**********************************************************************
File "../rdflib/graph.py", line ?, in default
Failed example:
    f.close()
Exception raised:
    Traceback (most recent call last):
      File "/usr/lib64/python3.8/doctest.py", line 1336, in __run
        exec(compile(example.source, filename, "single",
      File "<doctest default[5]>", line 1, in <module>
        f.close()
    NameError: name 'f' is not defined
**********************************************************************
File "../rdflib/graph.py", line ?, in default
Failed example:
    result = g.parse(location=file_name, format="application/rdf+xml")
Exception raised:
    Traceback (most recent call last):
      File "/usr/lib64/python3.8/xml/sax/expatreader.py", line 217, in feed
        self._parser.Parse(data, isFinal)
    xml.parsers.expat.ExpatError: no element found: line 1, column 0

    During handling of the above exception, another exception occurred:

    Traceback (most recent call last):
      File "/usr/lib64/python3.8/doctest.py", line 1336, in __run
        exec(compile(example.source, filename, "single",
      File "<doctest default[1]>", line 1, in <module>
        result = g.parse(location=file_name, format="application/rdf+xml")
      File "/home/iwana/sw/d/github.com/iafork/rdflib/rdflib/graph.py", line 1258, in parse
        parser.parse(source, self, **args)  # type: ignore[call-arg]
      File "/home/iwana/sw/d/github.com/iafork/rdflib/rdflib/plugins/parsers/rdfxml.py", line 608, in parse
        self._parser.parse(source)
      File "/usr/lib64/python3.8/xml/sax/expatreader.py", line 111, in parse
        xmlreader.IncrementalParser.parse(self, source)
      File "/usr/lib64/python3.8/xml/sax/xmlreader.py", line 127, in parse
        self.close()
      File "/usr/lib64/python3.8/xml/sax/expatreader.py", line 240, in close
        self.feed("", isFinal = 1)
      File "/usr/lib64/python3.8/xml/sax/expatreader.py", line 221, in feed
        self._err_handler.fatalError(exc)
      File "/usr/lib64/python3.8/xml/sax/handler.py", line 38, in fatalError
        raise exception
    xml.sax._exceptions.SAXParseException: file:///tmp/tmpsut2h8x1:1:0: no element found
**********************************************************************
File "../rdflib/graph.py", line ?, in default
Failed example:
    len(g)
Expected:
    2
Got:
    0
**********************************************************************
File "../rdflib/graph.py", line ?, in default
Failed example:
    with open(file_name, "r") as f:
        result = g.parse(f, format="application/rdf+xml")
Exception raised:
    Traceback (most recent call last):
      File "/usr/lib64/python3.8/xml/sax/expatreader.py", line 217, in feed
        self._parser.Parse(data, isFinal)
    xml.parsers.expat.ExpatError: no element found: line 1, column 0

    During handling of the above exception, another exception occurred:

    Traceback (most recent call last):
      File "/usr/lib64/python3.8/doctest.py", line 1336, in __run
        exec(compile(example.source, filename, "single",
      File "<doctest default[1]>", line 2, in <module>
        result = g.parse(f, format="application/rdf+xml")
      File "/home/iwana/sw/d/github.com/iafork/rdflib/rdflib/graph.py", line 1258, in parse
        parser.parse(source, self, **args)  # type: ignore[call-arg]
      File "/home/iwana/sw/d/github.com/iafork/rdflib/rdflib/plugins/parsers/rdfxml.py", line 608, in parse
        self._parser.parse(source)
      File "/usr/lib64/python3.8/xml/sax/expatreader.py", line 111, in parse
        xmlreader.IncrementalParser.parse(self, source)
      File "/usr/lib64/python3.8/xml/sax/xmlreader.py", line 127, in parse
        self.close()
      File "/usr/lib64/python3.8/xml/sax/expatreader.py", line 240, in close
        self.feed("", isFinal = 1)
      File "/usr/lib64/python3.8/xml/sax/expatreader.py", line 221, in feed
        self._err_handler.fatalError(exc)
      File "/usr/lib64/python3.8/xml/sax/handler.py", line 38, in fatalError
        raise exception
    xml.sax._exceptions.SAXParseException: /tmp/tmpsut2h8x1:1:0: no element found
**********************************************************************
File "../rdflib/graph.py", line ?, in default
Failed example:
    len(g)
Expected:
    2
Got:
    0
**********************************************************************
File "../rdflib/graph.py", line ?, in default
Failed example:
    os.remove(file_name)
Exception raised:
    Traceback (most recent call last):
      File "/usr/lib64/python3.8/doctest.py", line 1336, in __run
        exec(compile(example.source, filename, "single",
      File "<doctest default[0]>", line 1, in <module>
        os.remove(file_name)
    NameError: name 'os' is not defined
**********************************************************************
File "../rdflib/graph.py", line ?, in default
Failed example:
    len(g)
Expected:
    3
Got:
    1
**********************************************************************
File "../rdflib/graph.py", line ?, in default
Failed example:
    a=BNode("foo")
Exception raised:
    Traceback (most recent call last):
      File "/usr/lib64/python3.8/doctest.py", line 1336, in __run
        exec(compile(example.source, filename, "single",
      File "<doctest default[2]>", line 1, in <module>
        a=BNode("foo")
    NameError: name 'BNode' is not defined
**********************************************************************
File "../rdflib/graph.py", line ?, in default
Failed example:
    b=BNode("bar")
Exception raised:
    Traceback (most recent call last):
      File "/usr/lib64/python3.8/doctest.py", line 1336, in __run
        exec(compile(example.source, filename, "single",
      File "<doctest default[3]>", line 1, in <module>
        b=BNode("bar")
    NameError: name 'BNode' is not defined
**********************************************************************
File "../rdflib/graph.py", line ?, in default
Failed example:
    c=BNode("baz")
Exception raised:
    Traceback (most recent call last):
      File "/usr/lib64/python3.8/doctest.py", line 1336, in __run
        exec(compile(example.source, filename, "single",
      File "<doctest default[4]>", line 1, in <module>
        c=BNode("baz")
    NameError: name 'BNode' is not defined
**********************************************************************
File "../rdflib/graph.py", line ?, in default
Failed example:
    g.add((a,RDF.first,RDF.type)) # doctest: +ELLIPSIS
Exception raised:
    Traceback (most recent call last):
      File "/usr/lib64/python3.8/doctest.py", line 1336, in __run
        exec(compile(example.source, filename, "single",
      File "<doctest default[5]>", line 1, in <module>
        g.add((a,RDF.first,RDF.type)) # doctest: +ELLIPSIS
    NameError: name 'a' is not defined
**********************************************************************
File "../rdflib/graph.py", line ?, in default
Failed example:
    g.add((a,RDF.rest,b)) # doctest: +ELLIPSIS
Exception raised:
    Traceback (most recent call last):
      File "/usr/lib64/python3.8/doctest.py", line 1336, in __run
        exec(compile(example.source, filename, "single",
      File "<doctest default[6]>", line 1, in <module>
        g.add((a,RDF.rest,b)) # doctest: +ELLIPSIS
    NameError: name 'a' is not defined
**********************************************************************
File "../rdflib/graph.py", line ?, in default
Failed example:
    g.add((b,RDF.first,namespace.RDFS.label)) # doctest: +ELLIPSIS
Exception raised:
    Traceback (most recent call last):
      File "/usr/lib64/python3.8/doctest.py", line 1336, in __run
        exec(compile(example.source, filename, "single",
      File "<doctest default[7]>", line 1, in <module>
        g.add((b,RDF.first,namespace.RDFS.label)) # doctest: +ELLIPSIS
    NameError: name 'b' is not defined
**********************************************************************
File "../rdflib/graph.py", line ?, in default
Failed example:
    g.add((b,RDF.rest,c)) # doctest: +ELLIPSIS
Exception raised:
    Traceback (most recent call last):
      File "/usr/lib64/python3.8/doctest.py", line 1336, in __run
        exec(compile(example.source, filename, "single",
      File "<doctest default[8]>", line 1, in <module>
        g.add((b,RDF.rest,c)) # doctest: +ELLIPSIS
    NameError: name 'b' is not defined
**********************************************************************
File "../rdflib/graph.py", line ?, in default
Failed example:
    g.add((c,RDF.first,namespace.RDFS.comment)) # doctest: +ELLIPSIS
Exception raised:
    Traceback (most recent call last):
      File "/usr/lib64/python3.8/doctest.py", line 1336, in __run
        exec(compile(example.source, filename, "single",
      File "<doctest default[9]>", line 1, in <module>
        g.add((c,RDF.first,namespace.RDFS.comment)) # doctest: +ELLIPSIS
    NameError: name 'c' is not defined
**********************************************************************
File "../rdflib/graph.py", line ?, in default
Failed example:
    g.add((c,RDF.rest,RDF.nil)) # doctest: +ELLIPSIS
Exception raised:
    Traceback (most recent call last):
      File "/usr/lib64/python3.8/doctest.py", line 1336, in __run
        exec(compile(example.source, filename, "single",
      File "<doctest default[10]>", line 1, in <module>
        g.add((c,RDF.rest,RDF.nil)) # doctest: +ELLIPSIS
    NameError: name 'c' is not defined
**********************************************************************
File "../rdflib/graph.py", line ?, in default
Failed example:
    [rt for rt in g.transitiveClosure(
        topList,RDF.nil)] # doctest: +NORMALIZE_WHITESPACE
Expected:
    [rdflib.term.BNode('baz'),
     rdflib.term.BNode('bar'),
     rdflib.term.BNode('foo')]
Got:
    []
**********************************************************************
File "../rdflib/graph.py", line ?, in default
Failed example:
    [rt for rt in g.transitiveClosure(
        reverseList,RDF.nil)] # doctest: +NORMALIZE_WHITESPACE
Expected:
    http://www.w3.org/2000/01/rdf-schema#comment
    http://www.w3.org/2000/01/rdf-schema#label
    http://www.w3.org/1999/02/22-rdf-syntax-ns#type
    [rdflib.term.BNode('baz'),
     rdflib.term.BNode('bar'),
     rdflib.term.BNode('foo')]
Got:
    []
**********************************************************************
File "../rdflib/parser.py", line ?, in default
Failed example:
    source = create_input_source(data=as_python)
Exception raised:
    Traceback (most recent call last):
      File "/usr/lib64/python3.8/doctest.py", line 1336, in __run
        exec(compile(example.source, filename, "single",
      File "<doctest default[3]>", line 1, in <module>
        source = create_input_source(data=as_python)
    NameError: name 'create_input_source' is not defined
**********************************************************************
File "../rdflib/parser.py", line ?, in default
Failed example:
    isinstance(source, PythonInputSource)
Exception raised:
    Traceback (most recent call last):
      File "/usr/lib64/python3.8/doctest.py", line 1336, in __run
        exec(compile(example.source, filename, "single",
      File "<doctest default[4]>", line 1, in <module>
        isinstance(source, PythonInputSource)
    NameError: name 'source' is not defined
**********************************************************************
File "../rdflib/paths.py", line ?, in default
Failed example:
    FOAF.knows*OneOrMore
Exception raised:
    Traceback (most recent call last):
      File "/usr/lib64/python3.8/doctest.py", line 1336, in __run
        exec(compile(example.source, filename, "single",
      File "<doctest default[0]>", line 1, in <module>
        FOAF.knows*OneOrMore
    NameError: name 'OneOrMore' is not defined
**********************************************************************
File "../rdflib/paths.py", line ?, in default
Failed example:
    list(g.objects(e.c, (e.p3*OneOrMore)/e.p2)) # doctest: +NORMALIZE_WHITESPACE
Exception raised:
    Traceback (most recent call last):
      File "/usr/lib64/python3.8/doctest.py", line 1336, in __run
        exec(compile(example.source, filename, "single",
      File "<doctest default[0]>", line 1, in <module>
        list(g.objects(e.c, (e.p3*OneOrMore)/e.p2)) # doctest: +NORMALIZE_WHITESPACE
    NameError: name 'OneOrMore' is not defined
**********************************************************************
File "../rdflib/paths.py", line ?, in default
Failed example:
    list(evalPath(g, (None, e.p1/e.p2, None)))==[(e.a, e.e)]
Exception raised:
    Traceback (most recent call last):
      File "/usr/lib64/python3.8/doctest.py", line 1336, in __run
        exec(compile(example.source, filename, "single",
      File "<doctest default[0]>", line 1, in <module>
        list(evalPath(g, (None, e.p1/e.p2, None)))==[(e.a, e.e)]
    NameError: name 'evalPath' is not defined
**********************************************************************
File "../rdflib/paths.py", line ?, in default
Failed example:
    list(evalPath(g, (e.a, e.p1|e.p2, None)))==[(e.a,e.c), (e.a,e.f)]
Exception raised:
    Traceback (most recent call last):
      File "/usr/lib64/python3.8/doctest.py", line 1336, in __run
        exec(compile(example.source, filename, "single",
      File "<doctest default[1]>", line 1, in <module>
        list(evalPath(g, (e.a, e.p1|e.p2, None)))==[(e.a,e.c), (e.a,e.f)]
    NameError: name 'evalPath' is not defined
**********************************************************************
File "../rdflib/paths.py", line ?, in default
Failed example:
    list(evalPath(g, (e.c, ~e.p1, None))) == [ (e.c, e.a) ]
Exception raised:
    Traceback (most recent call last):
      File "/usr/lib64/python3.8/doctest.py", line 1336, in __run
        exec(compile(example.source, filename, "single",
      File "<doctest default[2]>", line 1, in <module>
        list(evalPath(g, (e.c, ~e.p1, None))) == [ (e.c, e.a) ]
    NameError: name 'evalPath' is not defined
**********************************************************************
File "../rdflib/paths.py", line ?, in default
Failed example:
    list(evalPath(g, (e.a, e.p1*ZeroOrOne, None))) == [(e.a, e.a), (e.a, e.c)]
Exception raised:
    Traceback (most recent call last):
      File "/usr/lib64/python3.8/doctest.py", line 1336, in __run
        exec(compile(example.source, filename, "single",
      File "<doctest default[3]>", line 1, in <module>
        list(evalPath(g, (e.a, e.p1*ZeroOrOne, None))) == [(e.a, e.a), (e.a, e.c)]
    NameError: name 'evalPath' is not defined
**********************************************************************
File "../rdflib/paths.py", line ?, in default
Failed example:
    list(evalPath(g, (e.c, e.p3*OneOrMore, None))) == [
        (e.c, e.g), (e.c, e.h), (e.c, e.a)]
Exception raised:
    Traceback (most recent call last):
      File "/usr/lib64/python3.8/doctest.py", line 1336, in __run
        exec(compile(example.source, filename, "single",
      File "<doctest default[4]>", line 1, in <module>
        list(evalPath(g, (e.c, e.p3*OneOrMore, None))) == [
    NameError: name 'evalPath' is not defined
**********************************************************************
File "../rdflib/paths.py", line ?, in default
Failed example:
    list(evalPath(g, (e.c, e.p3*ZeroOrMore, None))) == [(e.c, e.c),
        (e.c, e.g), (e.c, e.h), (e.c, e.a)]
Exception raised:
    Traceback (most recent call last):
      File "/usr/lib64/python3.8/doctest.py", line 1336, in __run
        exec(compile(example.source, filename, "single",
      File "<doctest default[5]>", line 1, in <module>
        list(evalPath(g, (e.c, e.p3*ZeroOrMore, None))) == [(e.c, e.c),
    NameError: name 'evalPath' is not defined
**********************************************************************
File "../rdflib/paths.py", line ?, in default
Failed example:
    list(evalPath(g, (e.a, -e.p1, None))) == [(e.a, e.f)]
Exception raised:
    Traceback (most recent call last):
      File "/usr/lib64/python3.8/doctest.py", line 1336, in __run
        exec(compile(example.source, filename, "single",
      File "<doctest default[6]>", line 1, in <module>
        list(evalPath(g, (e.a, -e.p1, None))) == [(e.a, e.f)]
    NameError: name 'evalPath' is not defined
**********************************************************************
File "../rdflib/paths.py", line ?, in default
Failed example:
    list(evalPath(g, (e.a, -(e.p1|e.p2), None))) == []
Exception raised:
    Traceback (most recent call last):
      File "/usr/lib64/python3.8/doctest.py", line 1336, in __run
        exec(compile(example.source, filename, "single",
      File "<doctest default[7]>", line 1, in <module>
        list(evalPath(g, (e.a, -(e.p1|e.p2), None))) == []
    NameError: name 'evalPath' is not defined
**********************************************************************
File "../rdflib/paths.py", line ?, in default
Failed example:
    list(evalPath(g, (e.g, -~e.p2, None))) == [(e.g, e.j)]
Exception raised:
    Traceback (most recent call last):
      File "/usr/lib64/python3.8/doctest.py", line 1336, in __run
        exec(compile(example.source, filename, "single",
      File "<doctest default[8]>", line 1, in <module>
        list(evalPath(g, (e.g, -~e.p2, None))) == [(e.g, e.j)]
    NameError: name 'evalPath' is not defined
**********************************************************************
File "../rdflib/paths.py", line ?, in default
Failed example:
    list(evalPath(g, (e.e, ~(e.p1/e.p2), None))) == [(e.e, e.a)]
Exception raised:
    Traceback (most recent call last):
      File "/usr/lib64/python3.8/doctest.py", line 1336, in __run
        exec(compile(example.source, filename, "single",
      File "<doctest default[9]>", line 1, in <module>
        list(evalPath(g, (e.e, ~(e.p1/e.p2), None))) == [(e.e, e.a)]
    NameError: name 'evalPath' is not defined
**********************************************************************
File "../rdflib/paths.py", line ?, in default
Failed example:
    list(evalPath(g, (e.a, e.p1/e.p3/e.p3, None))) == [(e.a, e.h)]
Exception raised:
    Traceback (most recent call last):
      File "/usr/lib64/python3.8/doctest.py", line 1336, in __run
        exec(compile(example.source, filename, "single",
      File "<doctest default[10]>", line 1, in <module>
        list(evalPath(g, (e.a, e.p1/e.p3/e.p3, None))) == [(e.a, e.h)]
    NameError: name 'evalPath' is not defined
**********************************************************************
File "../rdflib/paths.py", line ?, in default
Failed example:
    list(evalPath(g, (e.q, e.px*OneOrMore, None)))
Exception raised:
    Traceback (most recent call last):
      File "/usr/lib64/python3.8/doctest.py", line 1336, in __run
        exec(compile(example.source, filename, "single",
      File "<doctest default[0]>", line 1, in <module>
        list(evalPath(g, (e.q, e.px*OneOrMore, None)))
    NameError: name 'evalPath' is not defined
**********************************************************************
File "../rdflib/paths.py", line ?, in default
Failed example:
    list(evalPath(g, (None, e.p1|e.p2, e.c)))
Exception raised:
    Traceback (most recent call last):
      File "/usr/lib64/python3.8/doctest.py", line 1336, in __run
        exec(compile(example.source, filename, "single",
      File "<doctest default[0]>", line 1, in <module>
        list(evalPath(g, (None, e.p1|e.p2, e.c)))
    NameError: name 'evalPath' is not defined
**********************************************************************
File "../rdflib/paths.py", line ?, in default
Failed example:
    list(evalPath(g, (None, ~e.p1, e.a))) == [ (e.c, e.a) ]
Exception raised:
    Traceback (most recent call last):
      File "/usr/lib64/python3.8/doctest.py", line 1336, in __run
        exec(compile(example.source, filename, "single",
      File "<doctest default[0]>", line 1, in <module>
        list(evalPath(g, (None, ~e.p1, e.a))) == [ (e.c, e.a) ]
    NameError: name 'evalPath' is not defined
**********************************************************************
File "../rdflib/paths.py", line ?, in default
Failed example:
    list(evalPath(g, (None, e.p1*ZeroOrOne, e.c))) # doctest: +NORMALIZE_WHITESPACE
Exception raised:
    Traceback (most recent call last):
      File "/usr/lib64/python3.8/doctest.py", line 1336, in __run
        exec(compile(example.source, filename, "single",
      File "<doctest default[1]>", line 1, in <module>
        list(evalPath(g, (None, e.p1*ZeroOrOne, e.c))) # doctest: +NORMALIZE_WHITESPACE
    NameError: name 'evalPath' is not defined
**********************************************************************
File "../rdflib/paths.py", line ?, in default
Failed example:
    list(evalPath(g, (None, e.p3*OneOrMore, e.a))) # doctest: +NORMALIZE_WHITESPACE
Exception raised:
    Traceback (most recent call last):
      File "/usr/lib64/python3.8/doctest.py", line 1336, in __run
        exec(compile(example.source, filename, "single",
      File "<doctest default[0]>", line 1, in <module>
        list(evalPath(g, (None, e.p3*OneOrMore, e.a))) # doctest: +NORMALIZE_WHITESPACE
    NameError: name 'evalPath' is not defined
**********************************************************************
File "../rdflib/paths.py", line ?, in default
Failed example:
    list(evalPath(g, (None, e.p3*ZeroOrMore, e.a))) # doctest: +NORMALIZE_WHITESPACE
Exception raised:
    Traceback (most recent call last):
      File "/usr/lib64/python3.8/doctest.py", line 1336, in __run
        exec(compile(example.source, filename, "single",
      File "<doctest default[0]>", line 1, in <module>
        list(evalPath(g, (None, e.p3*ZeroOrMore, e.a))) # doctest: +NORMALIZE_WHITESPACE
    NameError: name 'evalPath' is not defined
**********************************************************************
File "../rdflib/paths.py", line ?, in default
Failed example:
    list(evalPath(g, (None, -e.p1, e.f))) == [(e.a, e.f)]
Exception raised:
    Traceback (most recent call last):
      File "/usr/lib64/python3.8/doctest.py", line 1336, in __run
        exec(compile(example.source, filename, "single",
      File "<doctest default[0]>", line 1, in <module>
        list(evalPath(g, (None, -e.p1, e.f))) == [(e.a, e.f)]
    NameError: name 'evalPath' is not defined
**********************************************************************
File "../rdflib/paths.py", line ?, in default
Failed example:
    list(evalPath(g, (None, -(e.p1|e.p2), e.c))) == []
Exception raised:
    Traceback (most recent call last):
      File "/usr/lib64/python3.8/doctest.py", line 1336, in __run
        exec(compile(example.source, filename, "single",
      File "<doctest default[1]>", line 1, in <module>
        list(evalPath(g, (None, -(e.p1|e.p2), e.c))) == []
    NameError: name 'evalPath' is not defined
**********************************************************************
File "../rdflib/paths.py", line ?, in default
Failed example:
    list(evalPath(g, (None, -~e.p2, e.j))) == [(e.g, e.j)]
Exception raised:
    Traceback (most recent call last):
      File "/usr/lib64/python3.8/doctest.py", line 1336, in __run
        exec(compile(example.source, filename, "single",
      File "<doctest default[2]>", line 1, in <module>
        list(evalPath(g, (None, -~e.p2, e.j))) == [(e.g, e.j)]
    NameError: name 'evalPath' is not defined
**********************************************************************
File "../rdflib/paths.py", line ?, in default
Failed example:
    list(evalPath(g, (None, ~(e.p1/e.p2), e.a))) == [(e.e, e.a)]
Exception raised:
    Traceback (most recent call last):
      File "/usr/lib64/python3.8/doctest.py", line 1336, in __run
        exec(compile(example.source, filename, "single",
      File "<doctest default[3]>", line 1, in <module>
        list(evalPath(g, (None, ~(e.p1/e.p2), e.a))) == [(e.e, e.a)]
    NameError: name 'evalPath' is not defined
**********************************************************************
File "../rdflib/paths.py", line ?, in default
Failed example:
    list(evalPath(g, (None, e.p1/e.p3/e.p3, e.h))) == [(e.a, e.h)]
Exception raised:
    Traceback (most recent call last):
      File "/usr/lib64/python3.8/doctest.py", line 1336, in __run
        exec(compile(example.source, filename, "single",
      File "<doctest default[4]>", line 1, in <module>
        list(evalPath(g, (None, e.p1/e.p3/e.p3, e.h))) == [(e.a, e.h)]
    NameError: name 'evalPath' is not defined
**********************************************************************
File "../rdflib/paths.py", line ?, in default
Failed example:
    list(evalPath(g, (e.q, e.px*OneOrMore, None)))
Exception raised:
    Traceback (most recent call last):
      File "/usr/lib64/python3.8/doctest.py", line 1336, in __run
        exec(compile(example.source, filename, "single",
      File "<doctest default[0]>", line 1, in <module>
        list(evalPath(g, (e.q, e.px*OneOrMore, None)))
    NameError: name 'evalPath' is not defined
**********************************************************************
File "../rdflib/paths.py", line ?, in default
Failed example:
    list(evalPath(g, (e.c, (e.p2|e.p3)*ZeroOrMore, e.j)))
Exception raised:
    Traceback (most recent call last):
      File "/usr/lib64/python3.8/doctest.py", line 1336, in __run
        exec(compile(example.source, filename, "single",
      File "<doctest default[0]>", line 1, in <module>
        list(evalPath(g, (e.c, (e.p2|e.p3)*ZeroOrMore, e.j)))
    NameError: name 'evalPath' is not defined
**********************************************************************
File "../rdflib/paths.py", line ?, in default
Failed example:
    sorted(list(evalPath(g, (None, e.p3*OneOrMore, None)))) #doctest: +NORMALIZE_WHITESPACE
Exception raised:
    Traceback (most recent call last):
      File "/usr/lib64/python3.8/doctest.py", line 1336, in __run
        exec(compile(example.source, filename, "single",
      File "<doctest default[0]>", line 1, in <module>
        sorted(list(evalPath(g, (None, e.p3*OneOrMore, None)))) #doctest: +NORMALIZE_WHITESPACE
    NameError: name 'evalPath' is not defined
**********************************************************************
File "apidocs/rdflib.rst", line ?, in default
Failed example:
    paper = Resource(graph, URIRef("http://example.org/def/v#Paper"))
Exception raised:
    Traceback (most recent call last):
      File "/usr/lib64/python3.8/doctest.py", line 1336, in __run
        exec(compile(example.source, filename, "single",
      File "<doctest default[0]>", line 1, in <module>
        paper = Resource(graph, URIRef("http://example.org/def/v#Paper"))
    NameError: name 'Resource' is not defined
**********************************************************************
File "apidocs/rdflib.rst", line ?, in default
Failed example:
    paper.add(RDFS.subClassOf, artifact)
Exception raised:
    Traceback (most recent call last):
      File "/usr/lib64/python3.8/doctest.py", line 1336, in __run
        exec(compile(example.source, filename, "single",
      File "<doctest default[1]>", line 1, in <module>
        paper.add(RDFS.subClassOf, artifact)
    NameError: name 'paper' is not defined
**********************************************************************
File "apidocs/rdflib.rst", line ?, in default
Failed example:
    artifact in paper.objects(RDFS.subClassOf) # checks Resource instance
Exception raised:
    Traceback (most recent call last):
      File "/usr/lib64/python3.8/doctest.py", line 1336, in __run
        exec(compile(example.source, filename, "single",
      File "<doctest default[2]>", line 1, in <module>
        artifact in paper.objects(RDFS.subClassOf) # checks Resource instance
    NameError: name 'artifact' is not defined
**********************************************************************
File "apidocs/rdflib.rst", line ?, in default
Failed example:
    (paper._identifier, RDFS.subClassOf, artifact._identifier) in graph
Exception raised:
    Traceback (most recent call last):
      File "/usr/lib64/python3.8/doctest.py", line 1336, in __run
        exec(compile(example.source, filename, "single",
      File "<doctest default[3]>", line 1, in <module>
        (paper._identifier, RDFS.subClassOf, artifact._identifier) in graph
    NameError: name 'paper' is not defined
**********************************************************************
File "../rdflib/term.py", line ?, in default
Failed example:
    BNode("foo")==None
Exception raised:
    Traceback (most recent call last):
      File "/usr/lib64/python3.8/doctest.py", line 1336, in __run
        exec(compile(example.source, filename, "single",
      File "<doctest default[0]>", line 1, in <module>
        BNode("foo")==None
    NameError: name 'BNode' is not defined
**********************************************************************
File "../rdflib/term.py", line ?, in default
Failed example:
    BNode("foo")==URIRef("foo")
Exception raised:
    Traceback (most recent call last):
      File "/usr/lib64/python3.8/doctest.py", line 1336, in __run
        exec(compile(example.source, filename, "single",
      File "<doctest default[1]>", line 1, in <module>
        BNode("foo")==URIRef("foo")
    NameError: name 'BNode' is not defined
**********************************************************************
File "../rdflib/term.py", line ?, in default
Failed example:
    URIRef("foo")==BNode("foo")
Exception raised:
    Traceback (most recent call last):
      File "/usr/lib64/python3.8/doctest.py", line 1336, in __run
        exec(compile(example.source, filename, "single",
      File "<doctest default[2]>", line 1, in <module>
        URIRef("foo")==BNode("foo")
    NameError: name 'BNode' is not defined
**********************************************************************
File "../rdflib/term.py", line ?, in default
Failed example:
    BNode("foo")!=URIRef("foo")
Exception raised:
    Traceback (most recent call last):
      File "/usr/lib64/python3.8/doctest.py", line 1336, in __run
        exec(compile(example.source, filename, "single",
      File "<doctest default[3]>", line 1, in <module>
        BNode("foo")!=URIRef("foo")
    NameError: name 'BNode' is not defined
**********************************************************************
File "../rdflib/term.py", line ?, in default
Failed example:
    URIRef("foo")!=BNode("foo")
Exception raised:
    Traceback (most recent call last):
      File "/usr/lib64/python3.8/doctest.py", line 1336, in __run
        exec(compile(example.source, filename, "single",
      File "<doctest default[4]>", line 1, in <module>
        URIRef("foo")!=BNode("foo")
    NameError: name 'BNode' is not defined
**********************************************************************
File "../rdflib/term.py", line ?, in default
Failed example:
    Variable('a')!=URIRef('a')
Exception raised:
    Traceback (most recent call last):
      File "/usr/lib64/python3.8/doctest.py", line 1336, in __run
        exec(compile(example.source, filename, "single",
      File "<doctest default[5]>", line 1, in <module>
        Variable('a')!=URIRef('a')
    NameError: name 'Variable' is not defined
**********************************************************************
File "../rdflib/term.py", line ?, in default
Failed example:
    Variable('a')!=Variable('a')
Exception raised:
    Traceback (most recent call last):
      File "/usr/lib64/python3.8/doctest.py", line 1336, in __run
        exec(compile(example.source, filename, "single",
      File "<doctest default[6]>", line 1, in <module>
        Variable('a')!=Variable('a')
    NameError: name 'Variable' is not defined
**********************************************************************
File "../rdflib/term.py", line ?, in default
Failed example:
    Literal(datetime.utcnow()).datatype
Exception raised:
    Traceback (most recent call last):
      File "/usr/lib64/python3.8/doctest.py", line 1336, in __run
        exec(compile(example.source, filename, "single",
      File "<doctest default[4]>", line 1, in <module>
        Literal(datetime.utcnow()).datatype
    NameError: name 'datetime' is not defined
**********************************************************************
File "../rdflib/term.py", line ?, in default
Failed example:
    abs(Literal(-1))
Expected:
    rdflib.term.Literal(u'1', datatype=rdflib.term.URIRef(u'http://www.w3.org/2001/XMLSchema#integer'))
Got:
    rdflib.term.Literal('1', datatype=rdflib.term.URIRef('http://www.w3.org/2001/XMLSchema#integer'))
**********************************************************************
File "../rdflib/term.py", line ?, in default
Failed example:
    abs( Literal("-1", datatype=XSD.integer))
Expected:
    rdflib.term.Literal(u'1', datatype=rdflib.term.URIRef(u'http://www.w3.org/2001/XMLSchema#integer'))
Got:
    rdflib.term.Literal('1', datatype=rdflib.term.URIRef('http://www.w3.org/2001/XMLSchema#integer'))
**********************************************************************
File "../rdflib/term.py", line ?, in default
Failed example:
    Literal(1) + 1
Expected:
    rdflib.term.Literal(u'2', datatype=rdflib.term.URIRef(u'http://www.w3.org/2001/XMLSchema#integer'))
Got:
    rdflib.term.Literal('2', datatype=rdflib.term.URIRef('http://www.w3.org/2001/XMLSchema#integer'))
**********************************************************************
File "../rdflib/term.py", line ?, in default
Failed example:
    Literal("1") + "1"
Expected:
    rdflib.term.Literal(u'11')
Got:
    rdflib.term.Literal('11')
**********************************************************************
File "../rdflib/term.py", line ?, in default
Failed example:
    Literal('2007-01-01', datatype=XSD.date) == date(2007, 1, 1)
Exception raised:
    Traceback (most recent call last):
      File "/usr/lib64/python3.8/doctest.py", line 1336, in __run
        exec(compile(example.source, filename, "single",
      File "<doctest default[4]>", line 1, in <module>
        Literal('2007-01-01', datatype=XSD.date) == date(2007, 1, 1)
    NameError: name 'date' is not defined
**********************************************************************
File "../rdflib/term.py", line ?, in default
Failed example:
    ~(Literal(-1))
Expected:
    rdflib.term.Literal(u'0', datatype=rdflib.term.URIRef(u'http://www.w3.org/2001/XMLSchema#integer'))
Got:
    rdflib.term.Literal('0', datatype=rdflib.term.URIRef('http://www.w3.org/2001/XMLSchema#integer'))
**********************************************************************
File "../rdflib/term.py", line ?, in default
Failed example:
    ~( Literal("-1", datatype=XSD.integer))
Expected:
    rdflib.term.Literal(u'0', datatype=rdflib.term.URIRef(u'http://www.w3.org/2001/XMLSchema#integer'))
Got:
    rdflib.term.Literal('0', datatype=rdflib.term.URIRef('http://www.w3.org/2001/XMLSchema#integer'))
**********************************************************************
File "../rdflib/term.py", line ?, in default
Failed example:
    (- Literal(1))
Expected:
    rdflib.term.Literal(u'-1', datatype=rdflib.term.URIRef(u'http://www.w3.org/2001/XMLSchema#integer'))
Got:
    rdflib.term.Literal('-1', datatype=rdflib.term.URIRef('http://www.w3.org/2001/XMLSchema#integer'))
**********************************************************************
File "../rdflib/term.py", line ?, in default
Failed example:
    (- Literal(10.5))
Expected:
    rdflib.term.Literal(u'-10.5', datatype=rdflib.term.URIRef(u'http://www.w3.org/2001/XMLSchema#double'))
Got:
    rdflib.term.Literal('-10.5', datatype=rdflib.term.URIRef('http://www.w3.org/2001/XMLSchema#double'))
**********************************************************************
File "../rdflib/term.py", line ?, in default
Failed example:
    (- Literal("1", datatype=XSD.integer))
Expected:
    rdflib.term.Literal(u'-1', datatype=rdflib.term.URIRef(u'http://www.w3.org/2001/XMLSchema#integer'))
Got:
    rdflib.term.Literal('-1', datatype=rdflib.term.URIRef('http://www.w3.org/2001/XMLSchema#integer'))
**********************************************************************
File "../rdflib/term.py", line ?, in default
Failed example:
    (+ Literal(1))
Expected:
    rdflib.term.Literal(u'1', datatype=rdflib.term.URIRef(u'http://www.w3.org/2001/XMLSchema#integer'))
Got:
    rdflib.term.Literal('1', datatype=rdflib.term.URIRef('http://www.w3.org/2001/XMLSchema#integer'))
**********************************************************************
File "../rdflib/term.py", line ?, in default
Failed example:
    (+ Literal(-1))
Expected:
    rdflib.term.Literal(u'-1', datatype=rdflib.term.URIRef(u'http://www.w3.org/2001/XMLSchema#integer'))
Got:
    rdflib.term.Literal('-1', datatype=rdflib.term.URIRef('http://www.w3.org/2001/XMLSchema#integer'))
**********************************************************************
File "../rdflib/term.py", line ?, in default
Failed example:
    (+ Literal("-1", datatype=XSD.integer))
Expected:
    rdflib.term.Literal(u'-1', datatype=rdflib.term.URIRef(u'http://www.w3.org/2001/XMLSchema#integer'))
Got:
    rdflib.term.Literal('-1', datatype=rdflib.term.URIRef('http://www.w3.org/2001/XMLSchema#integer'))
**********************************************************************
File "apidocs/rdflib.rst", line ?, in default
Failed example:
    Literal(1).n3(Graph().namespace_manager)
Expected:
    u'"1"^^xsd:integer'
Got:
    '"1"^^xsd:integer'
**********************************************************************
File "../rdflib/util.py", line ?, in default
Failed example:
    date_time(1126482850)
Exception raised:
    Traceback (most recent call last):
      File "/usr/lib64/python3.8/doctest.py", line 1336, in __run
        exec(compile(example.source, filename, "single",
      File "<doctest default[0]>", line 1, in <module>
        date_time(1126482850)
    NameError: name 'date_time' is not defined
**********************************************************************
File "../rdflib/util.py", line ?, in default
Failed example:
    date_time(1)
Exception raised:
    Traceback (most recent call last):
      File "/usr/lib64/python3.8/doctest.py", line 1336, in __run
        exec(compile(example.source, filename, "single",
      File "<doctest default[0]>", line 1, in <module>
        date_time(1)
    NameError: name 'date_time' is not defined
**********************************************************************
File "../rdflib/util.py", line ?, in default
Failed example:
    date_time(0)
Exception raised:
    Traceback (most recent call last):
      File "/usr/lib64/python3.8/doctest.py", line 1336, in __run
        exec(compile(example.source, filename, "single",
      File "<doctest default[0]>", line 1, in <module>
        date_time(0)
    NameError: name 'date_time' is not defined
**********************************************************************
File "apidocs/rdflib.rst", line ?, in default
Failed example:
    from_n3('<http://ex.com/foo>') == URIRef('http://ex.com/foo')
Exception raised:
    Traceback (most recent call last):
      File "/usr/lib64/python3.8/doctest.py", line 1336, in __run
        exec(compile(example.source, filename, "single",
      File "<doctest default[0]>", line 1, in <module>
        from_n3('<http://ex.com/foo>') == URIRef('http://ex.com/foo')
    NameError: name 'from_n3' is not defined
**********************************************************************
File "apidocs/rdflib.rst", line ?, in default
Failed example:
    from_n3('"foo"@de') == Literal('foo', lang='de')
Exception raised:
    Traceback (most recent call last):
      File "/usr/lib64/python3.8/doctest.py", line 1336, in __run
        exec(compile(example.source, filename, "single",
      File "<doctest default[1]>", line 1, in <module>
        from_n3('"foo"@de') == Literal('foo', lang='de')
    NameError: name 'from_n3' is not defined
**********************************************************************
File "apidocs/rdflib.rst", line ?, in default
Failed example:
    from_n3('"""multi\nline\nstring"""@en') == Literal(
        'multi\nline\nstring', lang='en')
Exception raised:
    Traceback (most recent call last):
      File "/usr/lib64/python3.8/doctest.py", line 1336, in __run
        exec(compile(example.source, filename, "single",
      File "<doctest default[2]>", line 1, in <module>
        from_n3('"""multi\nline\nstring"""@en') == Literal(
    NameError: name 'from_n3' is not defined
**********************************************************************
File "apidocs/rdflib.rst", line ?, in default
Failed example:
    from_n3('42') == Literal(42)
Exception raised:
    Traceback (most recent call last):
      File "/usr/lib64/python3.8/doctest.py", line 1336, in __run
        exec(compile(example.source, filename, "single",
      File "<doctest default[3]>", line 1, in <module>
        from_n3('42') == Literal(42)
    NameError: name 'from_n3' is not defined
**********************************************************************
File "apidocs/rdflib.rst", line ?, in default
Failed example:
    from_n3(Literal(42).n3()) == Literal(42)
Exception raised:
    Traceback (most recent call last):
      File "/usr/lib64/python3.8/doctest.py", line 1336, in __run
        exec(compile(example.source, filename, "single",
      File "<doctest default[4]>", line 1, in <module>
        from_n3(Literal(42).n3()) == Literal(42)
    NameError: name 'from_n3' is not defined
**********************************************************************
File "apidocs/rdflib.rst", line ?, in default
Failed example:
    from_n3('"42"^^xsd:integer') == Literal(42)
Exception raised:
    Traceback (most recent call last):
      File "/usr/lib64/python3.8/doctest.py", line 1336, in __run
        exec(compile(example.source, filename, "single",
      File "<doctest default[5]>", line 1, in <module>
        from_n3('"42"^^xsd:integer') == Literal(42)
    NameError: name 'from_n3' is not defined
**********************************************************************
File "apidocs/rdflib.rst", line ?, in default
Failed example:
    from_n3('rdfs:label') == RDFS['label']
Exception raised:
    Traceback (most recent call last):
      File "/usr/lib64/python3.8/doctest.py", line 1336, in __run
        exec(compile(example.source, filename, "single",
      File "<doctest default[7]>", line 1, in <module>
        from_n3('rdfs:label') == RDFS['label']
    NameError: name 'from_n3' is not defined
**********************************************************************
File "apidocs/rdflib.rst", line ?, in default
Failed example:
    nsm = NamespaceManager(rdflib.graph.Graph())
Exception raised:
    Traceback (most recent call last):
      File "/usr/lib64/python3.8/doctest.py", line 1336, in __run
        exec(compile(example.source, filename, "single",
      File "<doctest default[8]>", line 1, in <module>
        nsm = NamespaceManager(rdflib.graph.Graph())
    NameError: name 'NamespaceManager' is not defined
**********************************************************************
File "apidocs/rdflib.rst", line ?, in default
Failed example:
    nsm.bind('dbpedia', 'http://dbpedia.org/resource/')
Exception raised:
    Traceback (most recent call last):
      File "/usr/lib64/python3.8/doctest.py", line 1336, in __run
        exec(compile(example.source, filename, "single",
      File "<doctest default[9]>", line 1, in <module>
        nsm.bind('dbpedia', 'http://dbpedia.org/resource/')
    NameError: name 'nsm' is not defined
**********************************************************************
File "apidocs/rdflib.rst", line ?, in default
Failed example:
    from_n3('dbpedia:Berlin', nsm=nsm) == berlin
Exception raised:
    Traceback (most recent call last):
      File "/usr/lib64/python3.8/doctest.py", line 1336, in __run
        exec(compile(example.source, filename, "single",
      File "<doctest default[11]>", line 1, in <module>
        from_n3('dbpedia:Berlin', nsm=nsm) == berlin
    NameError: name 'from_n3' is not defined
**********************************************************************
File "apidocs/rdflib.rst", line ?, in default
Failed example:
    guess_format('path/to/file.rdf')
Exception raised:
    Traceback (most recent call last):
      File "/usr/lib64/python3.8/doctest.py", line 1336, in __run
        exec(compile(example.source, filename, "single",
      File "<doctest default[0]>", line 1, in <module>
        guess_format('path/to/file.rdf')
    NameError: name 'guess_format' is not defined
**********************************************************************
File "apidocs/rdflib.rst", line ?, in default
Failed example:
    guess_format('path/to/file.owl')
Exception raised:
    Traceback (most recent call last):
      File "/usr/lib64/python3.8/doctest.py", line 1336, in __run
        exec(compile(example.source, filename, "single",
      File "<doctest default[1]>", line 1, in <module>
        guess_format('path/to/file.owl')
    NameError: name 'guess_format' is not defined
**********************************************************************
File "apidocs/rdflib.rst", line ?, in default
Failed example:
    guess_format('path/to/file.ttl')
Exception raised:
    Traceback (most recent call last):
      File "/usr/lib64/python3.8/doctest.py", line 1336, in __run
        exec(compile(example.source, filename, "single",
      File "<doctest default[2]>", line 1, in <module>
        guess_format('path/to/file.ttl')
    NameError: name 'guess_format' is not defined
**********************************************************************
File "apidocs/rdflib.rst", line ?, in default
Failed example:
    guess_format('path/to/file.json')
Exception raised:
    Traceback (most recent call last):
      File "/usr/lib64/python3.8/doctest.py", line 1336, in __run
        exec(compile(example.source, filename, "single",
      File "<doctest default[3]>", line 1, in <module>
        guess_format('path/to/file.json')
    NameError: name 'guess_format' is not defined
**********************************************************************
File "apidocs/rdflib.rst", line ?, in default
Failed example:
    guess_format('path/to/file.xhtml')
Exception raised:
    Traceback (most recent call last):
      File "/usr/lib64/python3.8/doctest.py", line 1336, in __run
        exec(compile(example.source, filename, "single",
      File "<doctest default[4]>", line 1, in <module>
        guess_format('path/to/file.xhtml')
    NameError: name 'guess_format' is not defined
**********************************************************************
File "apidocs/rdflib.rst", line ?, in default
Failed example:
    guess_format('path/to/file.svg')
Exception raised:
    Traceback (most recent call last):
      File "/usr/lib64/python3.8/doctest.py", line 1336, in __run
        exec(compile(example.source, filename, "single",
      File "<doctest default[5]>", line 1, in <module>
        guess_format('path/to/file.svg')
    NameError: name 'guess_format' is not defined
**********************************************************************
File "apidocs/rdflib.rst", line ?, in default
Failed example:
    guess_format('path/to/file.xhtml', {'xhtml': 'grddl'})
Exception raised:
    Traceback (most recent call last):
      File "/usr/lib64/python3.8/doctest.py", line 1336, in __run
        exec(compile(example.source, filename, "single",
      File "<doctest default[6]>", line 1, in <module>
        guess_format('path/to/file.xhtml', {'xhtml': 'grddl'})
    NameError: name 'guess_format' is not defined
**********************************************************************
File "../rdflib/util.py", line ?, in default
Failed example:
    parse_date_time('2005-09-11T16:54:10-07:00') - 1126482850.0
Exception raised:
    Traceback (most recent call last):
      File "/usr/lib64/python3.8/doctest.py", line 1336, in __run
        exec(compile(example.source, filename, "single",
      File "<doctest default[0]>", line 1, in <module>
        parse_date_time('2005-09-11T16:54:10-07:00') - 1126482850.0
    NameError: name 'parse_date_time' is not defined
**********************************************************************
File "../rdflib/util.py", line ?, in default
Failed example:
    parse_date_time('1970-01-01T00:00:01Z') - 1.0
Exception raised:
    Traceback (most recent call last):
      File "/usr/lib64/python3.8/doctest.py", line 1336, in __run
        exec(compile(example.source, filename, "single",
      File "<doctest default[0]>", line 1, in <module>
        parse_date_time('1970-01-01T00:00:01Z') - 1.0
    NameError: name 'parse_date_time' is not defined
**********************************************************************
File "../rdflib/util.py", line ?, in default
Failed example:
    parse_date_time('1970-01-01T00:00:00Z') - 0.0
Exception raised:
    Traceback (most recent call last):
      File "/usr/lib64/python3.8/doctest.py", line 1336, in __run
        exec(compile(example.source, filename, "single",
      File "<doctest default[0]>", line 1, in <module>
        parse_date_time('1970-01-01T00:00:00Z') - 0.0
    NameError: name 'parse_date_time' is not defined
**********************************************************************
File "../rdflib/util.py", line ?, in default
Failed example:
    parse_date_time("2005-09-05T10:42:00") - 1125916920.0
Exception raised:
    Traceback (most recent call last):
      File "/usr/lib64/python3.8/doctest.py", line 1336, in __run
        exec(compile(example.source, filename, "single",
      File "<doctest default[1]>", line 1, in <module>
        parse_date_time("2005-09-05T10:42:00") - 1125916920.0
    NameError: name 'parse_date_time' is not defined
**********************************************************************
File "../rdflib/graph.py", line ?, in default
Failed example:
    ds = Dataset()
Exception raised:
    Traceback (most recent call last):
      File "/usr/lib64/python3.8/doctest.py", line 1336, in __run
        exec(compile(example.source, filename, "single",
      File "<doctest default[0]>", line 1, in <module>
        ds = Dataset()
    NameError: name 'Dataset' is not defined
**********************************************************************
File "../rdflib/graph.py", line ?, in default
Failed example:
    ds.add((URIRef("http://example.org/a"),
       URIRef("http://www.example.org/b"),
       Literal("foo")))  # doctest: +ELLIPSIS
Exception raised:
    Traceback (most recent call last):
      File "/usr/lib64/python3.8/doctest.py", line 1336, in __run
        exec(compile(example.source, filename, "single",
      File "<doctest default[1]>", line 1, in <module>
        ds.add((URIRef("http://example.org/a"),
    NameError: name 'ds' is not defined
**********************************************************************
File "../rdflib/graph.py", line ?, in default
Failed example:
    g = ds.graph(URIRef("http://www.example.com/gr"))
Exception raised:
    Traceback (most recent call last):
      File "/usr/lib64/python3.8/doctest.py", line 1336, in __run
        exec(compile(example.source, filename, "single",
      File "<doctest default[2]>", line 1, in <module>
        g = ds.graph(URIRef("http://www.example.com/gr"))
    NameError: name 'ds' is not defined
**********************************************************************
File "../rdflib/graph.py", line ?, in default
Failed example:
    ds.add(
        (URIRef("http://example.org/x"),
        URIRef("http://example.org/z"),
        Literal("foo-bar"),g) ) # doctest: +ELLIPSIS
Exception raised:
    Traceback (most recent call last):
      File "/usr/lib64/python3.8/doctest.py", line 1336, in __run
        exec(compile(example.source, filename, "single",
      File "<doctest default[4]>", line 1, in <module>
        ds.add(
    NameError: name 'ds' is not defined
**********************************************************************
File "../rdflib/graph.py", line ?, in default
Failed example:
    h = ds.graph()
Exception raised:
    Traceback (most recent call last):
      File "/usr/lib64/python3.8/doctest.py", line 1336, in __run
        exec(compile(example.source, filename, "single",
      File "<doctest default[10]>", line 1, in <module>
        h = ds.graph()
    NameError: name 'ds' is not defined
**********************************************************************
File "../rdflib/graph.py", line ?, in default
Failed example:
    f = os.fdopen(fd, "w")
Exception raised:
    Traceback (most recent call last):
      File "/usr/lib64/python3.8/doctest.py", line 1336, in __run
        exec(compile(example.source, filename, "single",
      File "<doctest default[3]>", line 1, in <module>
        f = os.fdopen(fd, "w")
    NameError: name 'os' is not defined
**********************************************************************
File "../rdflib/graph.py", line ?, in default
Failed example:
    dummy = f.write(my_data)  # Returns num bytes written
Exception raised:
    Traceback (most recent call last):
      File "/usr/lib64/python3.8/doctest.py", line 1336, in __run
        exec(compile(example.source, filename, "single",
      File "<doctest default[4]>", line 1, in <module>
        dummy = f.write(my_data)  # Returns num bytes written
    ValueError: I/O operation on closed file.
**********************************************************************
File "../rdflib/graph.py", line ?, in default
Failed example:
    result = g.parse(location=file_name, format="application/rdf+xml")
Exception raised:
    Traceback (most recent call last):
      File "/usr/lib64/python3.8/xml/sax/expatreader.py", line 217, in feed
        self._parser.Parse(data, isFinal)
    xml.parsers.expat.ExpatError: no element found: line 1, column 0

    During handling of the above exception, another exception occurred:

    Traceback (most recent call last):
      File "/usr/lib64/python3.8/doctest.py", line 1336, in __run
        exec(compile(example.source, filename, "single",
      File "<doctest default[1]>", line 1, in <module>
        result = g.parse(location=file_name, format="application/rdf+xml")
      File "/home/iwana/sw/d/github.com/iafork/rdflib/rdflib/graph.py", line 1258, in parse
        parser.parse(source, self, **args)  # type: ignore[call-arg]
      File "/home/iwana/sw/d/github.com/iafork/rdflib/rdflib/plugins/parsers/rdfxml.py", line 608, in parse
        self._parser.parse(source)
      File "/usr/lib64/python3.8/xml/sax/expatreader.py", line 111, in parse
        xmlreader.IncrementalParser.parse(self, source)
      File "/usr/lib64/python3.8/xml/sax/xmlreader.py", line 127, in parse
        self.close()
      File "/usr/lib64/python3.8/xml/sax/expatreader.py", line 240, in close
        self.feed("", isFinal = 1)
      File "/usr/lib64/python3.8/xml/sax/expatreader.py", line 221, in feed
        self._err_handler.fatalError(exc)
      File "/usr/lib64/python3.8/xml/sax/handler.py", line 38, in fatalError
        raise exception
    xml.sax._exceptions.SAXParseException: file:///tmp/tmpkxyliy61:1:0: no element found
**********************************************************************
File "../rdflib/graph.py", line ?, in default
Failed example:
    len(g)
Expected:
    2
Got:
    0
**********************************************************************
File "../rdflib/graph.py", line ?, in default
Failed example:
    with open(file_name, "r") as f:
        result = g.parse(f, format="application/rdf+xml")
Exception raised:
    Traceback (most recent call last):
      File "/usr/lib64/python3.8/xml/sax/expatreader.py", line 217, in feed
        self._parser.Parse(data, isFinal)
    xml.parsers.expat.ExpatError: no element found: line 1, column 0

    During handling of the above exception, another exception occurred:

    Traceback (most recent call last):
      File "/usr/lib64/python3.8/doctest.py", line 1336, in __run
        exec(compile(example.source, filename, "single",
      File "<doctest default[1]>", line 2, in <module>
        result = g.parse(f, format="application/rdf+xml")
      File "/home/iwana/sw/d/github.com/iafork/rdflib/rdflib/graph.py", line 1258, in parse
        parser.parse(source, self, **args)  # type: ignore[call-arg]
      File "/home/iwana/sw/d/github.com/iafork/rdflib/rdflib/plugins/parsers/rdfxml.py", line 608, in parse
        self._parser.parse(source)
      File "/usr/lib64/python3.8/xml/sax/expatreader.py", line 111, in parse
        xmlreader.IncrementalParser.parse(self, source)
      File "/usr/lib64/python3.8/xml/sax/xmlreader.py", line 127, in parse
        self.close()
      File "/usr/lib64/python3.8/xml/sax/expatreader.py", line 240, in close
        self.feed("", isFinal = 1)
      File "/usr/lib64/python3.8/xml/sax/expatreader.py", line 221, in feed
        self._err_handler.fatalError(exc)
      File "/usr/lib64/python3.8/xml/sax/handler.py", line 38, in fatalError
        raise exception
    xml.sax._exceptions.SAXParseException: /tmp/tmpkxyliy61:1:0: no element found
**********************************************************************
File "../rdflib/graph.py", line ?, in default
Failed example:
    len(g)
Expected:
    2
Got:
    0
**********************************************************************
File "../rdflib/graph.py", line ?, in default
Failed example:
    os.remove(file_name)
Exception raised:
    Traceback (most recent call last):
      File "/usr/lib64/python3.8/doctest.py", line 1336, in __run
        exec(compile(example.source, filename, "single",
      File "<doctest default[0]>", line 1, in <module>
        os.remove(file_name)
    NameError: name 'os' is not defined
**********************************************************************
File "../rdflib/graph.py", line ?, in default
Failed example:
    len(g)
Expected:
    3
Got:
    1
**********************************************************************
File "../rdflib/graph.py", line ?, in default
Failed example:
    a=BNode("foo")
Exception raised:
    Traceback (most recent call last):
      File "/usr/lib64/python3.8/doctest.py", line 1336, in __run
        exec(compile(example.source, filename, "single",
      File "<doctest default[2]>", line 1, in <module>
        a=BNode("foo")
    NameError: name 'BNode' is not defined
**********************************************************************
File "../rdflib/graph.py", line ?, in default
Failed example:
    b=BNode("bar")
Exception raised:
    Traceback (most recent call last):
      File "/usr/lib64/python3.8/doctest.py", line 1336, in __run
        exec(compile(example.source, filename, "single",
      File "<doctest default[3]>", line 1, in <module>
        b=BNode("bar")
    NameError: name 'BNode' is not defined
**********************************************************************
File "../rdflib/graph.py", line ?, in default
Failed example:
    c=BNode("baz")
Exception raised:
    Traceback (most recent call last):
      File "/usr/lib64/python3.8/doctest.py", line 1336, in __run
        exec(compile(example.source, filename, "single",
      File "<doctest default[4]>", line 1, in <module>
        c=BNode("baz")
    NameError: name 'BNode' is not defined
**********************************************************************
File "../rdflib/graph.py", line ?, in default
Failed example:
    g.add((a,RDF.first,RDF.type)) # doctest: +ELLIPSIS
Exception raised:
    Traceback (most recent call last):
      File "/usr/lib64/python3.8/doctest.py", line 1336, in __run
        exec(compile(example.source, filename, "single",
      File "<doctest default[5]>", line 1, in <module>
        g.add((a,RDF.first,RDF.type)) # doctest: +ELLIPSIS
      File "/home/iwana/sw/d/github.com/iafork/rdflib/rdflib/graph.py", line 426, in add
        assert isinstance(s, Node), "Subject %s must be an rdflib term" % (s,)
    AssertionError: Subject {rdflib.term.Literal('1', datatype=rdflib.term.URIRef('http://www.w3.org/2001/XMLSchema#integer')): 'one'} must be an rdflib term
**********************************************************************
File "../rdflib/graph.py", line ?, in default
Failed example:
    g.add((a,RDF.rest,b)) # doctest: +ELLIPSIS
Exception raised:
    Traceback (most recent call last):
      File "/usr/lib64/python3.8/doctest.py", line 1336, in __run
        exec(compile(example.source, filename, "single",
      File "<doctest default[6]>", line 1, in <module>
        g.add((a,RDF.rest,b)) # doctest: +ELLIPSIS
    NameError: name 'b' is not defined
**********************************************************************
File "../rdflib/graph.py", line ?, in default
Failed example:
    g.add((b,RDF.first,namespace.RDFS.label)) # doctest: +ELLIPSIS
Exception raised:
    Traceback (most recent call last):
      File "/usr/lib64/python3.8/doctest.py", line 1336, in __run
        exec(compile(example.source, filename, "single",
      File "<doctest default[7]>", line 1, in <module>
        g.add((b,RDF.first,namespace.RDFS.label)) # doctest: +ELLIPSIS
    NameError: name 'b' is not defined
**********************************************************************
File "../rdflib/graph.py", line ?, in default
Failed example:
    g.add((b,RDF.rest,c)) # doctest: +ELLIPSIS
Exception raised:
    Traceback (most recent call last):
      File "/usr/lib64/python3.8/doctest.py", line 1336, in __run
        exec(compile(example.source, filename, "single",
      File "<doctest default[8]>", line 1, in <module>
        g.add((b,RDF.rest,c)) # doctest: +ELLIPSIS
    NameError: name 'b' is not defined
**********************************************************************
File "../rdflib/graph.py", line ?, in default
Failed example:
    g.add((c,RDF.first,namespace.RDFS.comment)) # doctest: +ELLIPSIS
Exception raised:
    Traceback (most recent call last):
      File "/usr/lib64/python3.8/doctest.py", line 1336, in __run
        exec(compile(example.source, filename, "single",
      File "<doctest default[9]>", line 1, in <module>
        g.add((c,RDF.first,namespace.RDFS.comment)) # doctest: +ELLIPSIS
    NameError: name 'c' is not defined
**********************************************************************
File "../rdflib/graph.py", line ?, in default
Failed example:
    g.add((c,RDF.rest,RDF.nil)) # doctest: +ELLIPSIS
Exception raised:
    Traceback (most recent call last):
      File "/usr/lib64/python3.8/doctest.py", line 1336, in __run
        exec(compile(example.source, filename, "single",
      File "<doctest default[10]>", line 1, in <module>
        g.add((c,RDF.rest,RDF.nil)) # doctest: +ELLIPSIS
    NameError: name 'c' is not defined
**********************************************************************
File "../rdflib/graph.py", line ?, in default
Failed example:
    [rt for rt in g.transitiveClosure(
        topList,RDF.nil)] # doctest: +NORMALIZE_WHITESPACE
Expected:
    [rdflib.term.BNode('baz'),
     rdflib.term.BNode('bar'),
     rdflib.term.BNode('foo')]
Got:
    []
**********************************************************************
File "../rdflib/graph.py", line ?, in default
Failed example:
    [rt for rt in g.transitiveClosure(
        reverseList,RDF.nil)] # doctest: +NORMALIZE_WHITESPACE
Expected:
    http://www.w3.org/2000/01/rdf-schema#comment
    http://www.w3.org/2000/01/rdf-schema#label
    http://www.w3.org/1999/02/22-rdf-syntax-ns#type
    [rdflib.term.BNode('baz'),
     rdflib.term.BNode('bar'),
     rdflib.term.BNode('foo')]
Got:
    []
**********************************************************************
File "../rdflib/term.py", line ?, in default
Failed example:
    Literal(datetime.utcnow()).datatype
Exception raised:
    Traceback (most recent call last):
      File "/usr/lib64/python3.8/doctest.py", line 1336, in __run
        exec(compile(example.source, filename, "single",
      File "<doctest default[4]>", line 1, in <module>
        Literal(datetime.utcnow()).datatype
    NameError: name 'datetime' is not defined
**********************************************************************
File "../rdflib/term.py", line ?, in default
Failed example:
    abs(Literal(-1))
Expected:
    rdflib.term.Literal(u'1', datatype=rdflib.term.URIRef(u'http://www.w3.org/2001/XMLSchema#integer'))
Got:
    rdflib.term.Literal('1', datatype=rdflib.term.URIRef('http://www.w3.org/2001/XMLSchema#integer'))
**********************************************************************
File "../rdflib/term.py", line ?, in default
Failed example:
    abs( Literal("-1", datatype=XSD.integer))
Expected:
    rdflib.term.Literal(u'1', datatype=rdflib.term.URIRef(u'http://www.w3.org/2001/XMLSchema#integer'))
Got:
    rdflib.term.Literal('1', datatype=rdflib.term.URIRef('http://www.w3.org/2001/XMLSchema#integer'))
**********************************************************************
File "../rdflib/term.py", line ?, in default
Failed example:
    Literal(1) + 1
Expected:
    rdflib.term.Literal(u'2', datatype=rdflib.term.URIRef(u'http://www.w3.org/2001/XMLSchema#integer'))
Got:
    rdflib.term.Literal('2', datatype=rdflib.term.URIRef('http://www.w3.org/2001/XMLSchema#integer'))
**********************************************************************
File "../rdflib/term.py", line ?, in default
Failed example:
    Literal("1") + "1"
Expected:
    rdflib.term.Literal(u'11')
Got:
    rdflib.term.Literal('11')
**********************************************************************
File "../rdflib/term.py", line ?, in default
Failed example:
    Literal('2007-01-01', datatype=XSD.date) == date(2007, 1, 1)
Exception raised:
    Traceback (most recent call last):
      File "/usr/lib64/python3.8/doctest.py", line 1336, in __run
        exec(compile(example.source, filename, "single",
      File "<doctest default[4]>", line 1, in <module>
        Literal('2007-01-01', datatype=XSD.date) == date(2007, 1, 1)
    NameError: name 'date' is not defined
**********************************************************************
File "../rdflib/term.py", line ?, in default
Failed example:
    ~(Literal(-1))
Expected:
    rdflib.term.Literal(u'0', datatype=rdflib.term.URIRef(u'http://www.w3.org/2001/XMLSchema#integer'))
Got:
    rdflib.term.Literal('0', datatype=rdflib.term.URIRef('http://www.w3.org/2001/XMLSchema#integer'))
**********************************************************************
File "../rdflib/term.py", line ?, in default
Failed example:
    ~( Literal("-1", datatype=XSD.integer))
Expected:
    rdflib.term.Literal(u'0', datatype=rdflib.term.URIRef(u'http://www.w3.org/2001/XMLSchema#integer'))
Got:
    rdflib.term.Literal('0', datatype=rdflib.term.URIRef('http://www.w3.org/2001/XMLSchema#integer'))
**********************************************************************
File "../rdflib/term.py", line ?, in default
Failed example:
    (- Literal(1))
Expected:
    rdflib.term.Literal(u'-1', datatype=rdflib.term.URIRef(u'http://www.w3.org/2001/XMLSchema#integer'))
Got:
    rdflib.term.Literal('-1', datatype=rdflib.term.URIRef('http://www.w3.org/2001/XMLSchema#integer'))
**********************************************************************
File "../rdflib/term.py", line ?, in default
Failed example:
    (- Literal(10.5))
Expected:
    rdflib.term.Literal(u'-10.5', datatype=rdflib.term.URIRef(u'http://www.w3.org/2001/XMLSchema#double'))
Got:
    rdflib.term.Literal('-10.5', datatype=rdflib.term.URIRef('http://www.w3.org/2001/XMLSchema#double'))
**********************************************************************
File "../rdflib/term.py", line ?, in default
Failed example:
    (- Literal("1", datatype=XSD.integer))
Expected:
    rdflib.term.Literal(u'-1', datatype=rdflib.term.URIRef(u'http://www.w3.org/2001/XMLSchema#integer'))
Got:
    rdflib.term.Literal('-1', datatype=rdflib.term.URIRef('http://www.w3.org/2001/XMLSchema#integer'))
**********************************************************************
File "../rdflib/term.py", line ?, in default
Failed example:
    (+ Literal(1))
Expected:
    rdflib.term.Literal(u'1', datatype=rdflib.term.URIRef(u'http://www.w3.org/2001/XMLSchema#integer'))
Got:
    rdflib.term.Literal('1', datatype=rdflib.term.URIRef('http://www.w3.org/2001/XMLSchema#integer'))
**********************************************************************
File "../rdflib/term.py", line ?, in default
Failed example:
    (+ Literal(-1))
Expected:
    rdflib.term.Literal(u'-1', datatype=rdflib.term.URIRef(u'http://www.w3.org/2001/XMLSchema#integer'))
Got:
    rdflib.term.Literal('-1', datatype=rdflib.term.URIRef('http://www.w3.org/2001/XMLSchema#integer'))
**********************************************************************
File "../rdflib/term.py", line ?, in default
Failed example:
    (+ Literal("-1", datatype=XSD.integer))
Expected:
    rdflib.term.Literal(u'-1', datatype=rdflib.term.URIRef(u'http://www.w3.org/2001/XMLSchema#integer'))
Got:
    rdflib.term.Literal('-1', datatype=rdflib.term.URIRef('http://www.w3.org/2001/XMLSchema#integer'))
**********************************************************************
File "apidocs/rdflib.rst", line ?, in default
Failed example:
    Literal(1).n3(Graph().namespace_manager)
Expected:
    u'"1"^^xsd:integer'
Got:
    '"1"^^xsd:integer'
**********************************************************************
1 items had failures:
 251 of 478 in default
478 tests in 1 items.
227 passed and 251 failed.
***Test Failed*** 251 failures.

Doctest summary
===============
  711 tests
  414 failures in tests
    0 failures in setup code
    0 failures in cleanup code
